[2022-02-28 22:18:02,666] {taskinstance.py:1037} INFO - Dependencies all met for <TaskInstance: historical_fuel_data_ingestion.local_to_gcs_task scheduled__2022-02-18T10:00:00+00:00 [queued]>
[2022-02-28 22:18:02,682] {taskinstance.py:1037} INFO - Dependencies all met for <TaskInstance: historical_fuel_data_ingestion.local_to_gcs_task scheduled__2022-02-18T10:00:00+00:00 [queued]>
[2022-02-28 22:18:02,683] {taskinstance.py:1243} INFO - 
--------------------------------------------------------------------------------
[2022-02-28 22:18:02,683] {taskinstance.py:1244} INFO - Starting attempt 1 of 2
[2022-02-28 22:18:02,683] {taskinstance.py:1245} INFO - 
--------------------------------------------------------------------------------
[2022-02-28 22:18:02,700] {taskinstance.py:1264} INFO - Executing <Task(PythonOperator): local_to_gcs_task> on 2022-02-18 10:00:00+00:00
[2022-02-28 22:18:02,709] {standard_task_runner.py:52} INFO - Started process 887 to run task
[2022-02-28 22:18:02,716] {standard_task_runner.py:76} INFO - Running: ['***', 'tasks', 'run', 'historical_fuel_data_ingestion', 'local_to_gcs_task', 'scheduled__2022-02-18T10:00:00+00:00', '--job-id', '103', '--raw', '--subdir', 'DAGS_FOLDER/ingest_historical_fuel_data_dag.py', '--cfg-path', '/tmp/tmpb7zevjkq', '--error-file', '/tmp/tmpom9am6l_']
[2022-02-28 22:18:02,718] {standard_task_runner.py:77} INFO - Job 103: Subtask local_to_gcs_task
[2022-02-28 22:18:02,780] {logging_mixin.py:109} INFO - Running <TaskInstance: historical_fuel_data_ingestion.local_to_gcs_task scheduled__2022-02-18T10:00:00+00:00 [running]> on host ee95ca064caf
[2022-02-28 22:18:02,820] {warnings.py:110} WARNING - /home/***/.local/lib/python3.7/site-packages/***/utils/context.py:156: AirflowContextDeprecationWarning: Accessing 'execution_date' from the template is deprecated and will be removed in a future version. Please use 'data_interval_start' or 'logical_date' instead.
  warnings.warn(_create_deprecation_warning(key, self._deprecation_replacements[key]))

[2022-02-28 22:18:02,847] {taskinstance.py:1431} INFO - Exporting the following env vars:
AIRFLOW_CTX_DAG_OWNER=***
AIRFLOW_CTX_DAG_ID=historical_fuel_data_ingestion
AIRFLOW_CTX_TASK_ID=local_to_gcs_task
AIRFLOW_CTX_EXECUTION_DATE=2022-02-18T10:00:00+00:00
AIRFLOW_CTX_DAG_RUN_ID=scheduled__2022-02-18T10:00:00+00:00
[2022-02-28 22:18:03,283] {python.py:175} INFO - Done. Returned value was: None
[2022-02-28 22:18:03,302] {taskinstance.py:1282} INFO - Marking task as SUCCESS. dag_id=historical_fuel_data_ingestion, task_id=local_to_gcs_task, execution_date=20220218T100000, start_date=20220228T221802, end_date=20220228T221803
[2022-02-28 22:18:03,336] {local_task_job.py:154} INFO - Task exited with return code 0
[2022-02-28 22:18:03,396] {local_task_job.py:264} INFO - 1 downstream tasks scheduled from follow-on schedule check
