[2022-02-25 03:02:45,314] {taskinstance.py:1037} INFO - Dependencies all met for <TaskInstance: daily_fuel_data_ingestion.bigquery_external_table_task manual__2022-02-25T03:02:36.373009+00:00 [queued]>
[2022-02-25 03:02:45,325] {taskinstance.py:1037} INFO - Dependencies all met for <TaskInstance: daily_fuel_data_ingestion.bigquery_external_table_task manual__2022-02-25T03:02:36.373009+00:00 [queued]>
[2022-02-25 03:02:45,325] {taskinstance.py:1243} INFO - 
--------------------------------------------------------------------------------
[2022-02-25 03:02:45,325] {taskinstance.py:1244} INFO - Starting attempt 1 of 2
[2022-02-25 03:02:45,325] {taskinstance.py:1245} INFO - 
--------------------------------------------------------------------------------
[2022-02-25 03:02:45,339] {taskinstance.py:1264} INFO - Executing <Task(BigQueryCreateExternalTableOperator): bigquery_external_table_task> on 2022-02-25 03:02:36.373009+00:00
[2022-02-25 03:02:45,346] {standard_task_runner.py:52} INFO - Started process 1196 to run task
[2022-02-25 03:02:45,353] {standard_task_runner.py:76} INFO - Running: ['***', 'tasks', 'run', 'daily_fuel_data_ingestion', 'bigquery_external_table_task', 'manual__2022-02-25T03:02:36.373009+00:00', '--job-id', '52', '--raw', '--subdir', 'DAGS_FOLDER/ingest_daily_fuel_data_dag.py', '--cfg-path', '/tmp/tmp05k6z90j', '--error-file', '/tmp/tmpjfdsqrr3']
[2022-02-25 03:02:45,355] {standard_task_runner.py:77} INFO - Job 52: Subtask bigquery_external_table_task
[2022-02-25 03:02:45,429] {logging_mixin.py:109} INFO - Running <TaskInstance: daily_fuel_data_ingestion.bigquery_external_table_task manual__2022-02-25T03:02:36.373009+00:00 [running]> on host f9458bb89560
[2022-02-25 03:02:45,476] {warnings.py:110} WARNING - /home/***/.local/lib/python3.7/site-packages/***/utils/context.py:156: AirflowContextDeprecationWarning: Accessing 'execution_date' from the template is deprecated and will be removed in a future version. Please use 'data_interval_start' or 'logical_date' instead.
  warnings.warn(_create_deprecation_warning(key, self._deprecation_replacements[key]))

[2022-02-25 03:02:45,506] {taskinstance.py:1431} INFO - Exporting the following env vars:
AIRFLOW_CTX_DAG_OWNER=***
AIRFLOW_CTX_DAG_ID=daily_fuel_data_ingestion
AIRFLOW_CTX_TASK_ID=bigquery_external_table_task
AIRFLOW_CTX_EXECUTION_DATE=2022-02-25T03:02:36.373009+00:00
AIRFLOW_CTX_DAG_RUN_ID=manual__2022-02-25T03:02:36.373009+00:00
[2022-02-25 03:02:45,509] {crypto.py:82} WARNING - empty cryptography key - values will not be stored encrypted.
[2022-02-25 03:02:46,851] {taskinstance.py:1282} INFO - Marking task as SUCCESS. dag_id=daily_fuel_data_ingestion, task_id=bigquery_external_table_task, execution_date=20220225T030236, start_date=20220225T030245, end_date=20220225T030246
[2022-02-25 03:02:46,904] {local_task_job.py:154} INFO - Task exited with return code 0
[2022-02-25 03:02:47,035] {local_task_job.py:264} INFO - 0 downstream tasks scheduled from follow-on schedule check
