[2022-02-27 22:05:05,398] {taskinstance.py:1037} INFO - Dependencies all met for <TaskInstance: daily_fuel_data_ingestion.format_to_parquet_task scheduled__2022-02-26T00:00:00+00:00 [queued]>
[2022-02-27 22:05:05,459] {taskinstance.py:1037} INFO - Dependencies all met for <TaskInstance: daily_fuel_data_ingestion.format_to_parquet_task scheduled__2022-02-26T00:00:00+00:00 [queued]>
[2022-02-27 22:05:05,459] {taskinstance.py:1243} INFO - 
--------------------------------------------------------------------------------
[2022-02-27 22:05:05,460] {taskinstance.py:1244} INFO - Starting attempt 1 of 2
[2022-02-27 22:05:05,460] {taskinstance.py:1245} INFO - 
--------------------------------------------------------------------------------
[2022-02-27 22:05:05,505] {taskinstance.py:1264} INFO - Executing <Task(PythonOperator): format_to_parquet_task> on 2022-02-26 00:00:00+00:00
[2022-02-27 22:05:05,551] {standard_task_runner.py:52} INFO - Started process 84 to run task
[2022-02-27 22:05:05,580] {standard_task_runner.py:76} INFO - Running: ['***', 'tasks', 'run', 'daily_fuel_data_ingestion', 'format_to_parquet_task', 'scheduled__2022-02-26T00:00:00+00:00', '--job-id', '67', '--raw', '--subdir', 'DAGS_FOLDER/ingest_daily_fuel_data_dag.py', '--cfg-path', '/tmp/tmpmow8mgtk', '--error-file', '/tmp/tmp15g4rycc']
[2022-02-27 22:05:05,585] {standard_task_runner.py:77} INFO - Job 67: Subtask format_to_parquet_task
[2022-02-27 22:05:05,883] {logging_mixin.py:109} INFO - Running <TaskInstance: daily_fuel_data_ingestion.format_to_parquet_task scheduled__2022-02-26T00:00:00+00:00 [running]> on host daf54b46ba6b
[2022-02-27 22:05:06,063] {warnings.py:110} WARNING - /home/***/.local/lib/python3.7/site-packages/***/utils/context.py:156: AirflowContextDeprecationWarning: Accessing 'execution_date' from the template is deprecated and will be removed in a future version. Please use 'data_interval_start' or 'logical_date' instead.
  warnings.warn(_create_deprecation_warning(key, self._deprecation_replacements[key]))

[2022-02-27 22:05:06,148] {taskinstance.py:1431} INFO - Exporting the following env vars:
AIRFLOW_CTX_DAG_OWNER=***
AIRFLOW_CTX_DAG_ID=daily_fuel_data_ingestion
AIRFLOW_CTX_TASK_ID=format_to_parquet_task
AIRFLOW_CTX_EXECUTION_DATE=2022-02-26T00:00:00+00:00
AIRFLOW_CTX_DAG_RUN_ID=scheduled__2022-02-26T00:00:00+00:00
[2022-02-27 22:05:06,149] {logging_mixin.py:109} INFO - /opt/***/daily_fuel_data_26-Feb-2022.csv
[2022-02-27 22:05:06,532] {logging_mixin.py:109} INFO - Parquet saved to /opt/***/daily_fuel_data_{{ execution_date.strftime('%d-%b-%Y') }}.parquet
[2022-02-27 22:05:06,544] {python.py:175} INFO - Done. Returned value was: None
[2022-02-27 22:05:06,602] {taskinstance.py:1282} INFO - Marking task as SUCCESS. dag_id=daily_fuel_data_ingestion, task_id=format_to_parquet_task, execution_date=20220226T000000, start_date=20220227T220505, end_date=20220227T220506
[2022-02-27 22:05:06,737] {local_task_job.py:154} INFO - Task exited with return code 0
[2022-02-27 22:05:06,845] {local_task_job.py:264} INFO - 1 downstream tasks scheduled from follow-on schedule check
