[2022-02-27 22:05:01,467] {taskinstance.py:1037} INFO - Dependencies all met for <TaskInstance: historical_fuel_data_ingestion.download_dataset_task scheduled__2022-02-18T10:00:00+00:00 [queued]>
[2022-02-27 22:05:01,490] {taskinstance.py:1037} INFO - Dependencies all met for <TaskInstance: historical_fuel_data_ingestion.download_dataset_task scheduled__2022-02-18T10:00:00+00:00 [queued]>
[2022-02-27 22:05:01,490] {taskinstance.py:1243} INFO - 
--------------------------------------------------------------------------------
[2022-02-27 22:05:01,490] {taskinstance.py:1244} INFO - Starting attempt 1 of 2
[2022-02-27 22:05:01,490] {taskinstance.py:1245} INFO - 
--------------------------------------------------------------------------------
[2022-02-27 22:05:01,522] {taskinstance.py:1264} INFO - Executing <Task(BashOperator): download_dataset_task> on 2022-02-18 10:00:00+00:00
[2022-02-27 22:05:01,531] {standard_task_runner.py:52} INFO - Started process 76 to run task
[2022-02-27 22:05:01,548] {standard_task_runner.py:76} INFO - Running: ['***', 'tasks', 'run', 'historical_fuel_data_ingestion', 'download_dataset_task', 'scheduled__2022-02-18T10:00:00+00:00', '--job-id', '65', '--raw', '--subdir', 'DAGS_FOLDER/ingest_historical_fuel_data_dag.py', '--cfg-path', '/tmp/tmpbs8gwvw2', '--error-file', '/tmp/tmpcaesqngt']
[2022-02-27 22:05:01,550] {standard_task_runner.py:77} INFO - Job 65: Subtask download_dataset_task
[2022-02-27 22:05:01,725] {logging_mixin.py:109} INFO - Running <TaskInstance: historical_fuel_data_ingestion.download_dataset_task scheduled__2022-02-18T10:00:00+00:00 [running]> on host daf54b46ba6b
[2022-02-27 22:05:01,804] {warnings.py:110} WARNING - /home/***/.local/lib/python3.7/site-packages/***/utils/context.py:156: AirflowContextDeprecationWarning: Accessing 'execution_date' from the template is deprecated and will be removed in a future version. Please use 'data_interval_start' or 'logical_date' instead.
  warnings.warn(_create_deprecation_warning(key, self._deprecation_replacements[key]))

[2022-02-27 22:05:01,844] {taskinstance.py:1431} INFO - Exporting the following env vars:
AIRFLOW_CTX_DAG_OWNER=***
AIRFLOW_CTX_DAG_ID=historical_fuel_data_ingestion
AIRFLOW_CTX_TASK_ID=download_dataset_task
AIRFLOW_CTX_EXECUTION_DATE=2022-02-18T10:00:00+00:00
AIRFLOW_CTX_DAG_RUN_ID=scheduled__2022-02-18T10:00:00+00:00
[2022-02-27 22:05:01,846] {subprocess.py:62} INFO - Tmp dir root location: 
 /tmp
[2022-02-27 22:05:01,847] {subprocess.py:74} INFO - Running command: ['bash', '-c', 'curl -sSL https://www.aip.com.au/sites/default/files/download-files/2022-02/AIP_TGP_Data_18-Feb-2022.xlsx > /opt/***/historical_fuel_data_18-Feb-2022.xlsx']
[2022-02-27 22:05:01,870] {subprocess.py:85} INFO - Output:
[2022-02-27 22:05:01,953] {subprocess.py:93} INFO - Command exited with return code 0
[2022-02-27 22:05:02,005] {taskinstance.py:1282} INFO - Marking task as SUCCESS. dag_id=historical_fuel_data_ingestion, task_id=download_dataset_task, execution_date=20220218T100000, start_date=20220227T220501, end_date=20220227T220502
[2022-02-27 22:05:02,055] {local_task_job.py:154} INFO - Task exited with return code 0
[2022-02-27 22:05:02,141] {local_task_job.py:264} INFO - 1 downstream tasks scheduled from follow-on schedule check
[2022-02-28 22:17:53,940] {taskinstance.py:1037} INFO - Dependencies all met for <TaskInstance: historical_fuel_data_ingestion.download_dataset_task scheduled__2022-02-18T10:00:00+00:00 [queued]>
[2022-02-28 22:17:53,956] {taskinstance.py:1037} INFO - Dependencies all met for <TaskInstance: historical_fuel_data_ingestion.download_dataset_task scheduled__2022-02-18T10:00:00+00:00 [queued]>
[2022-02-28 22:17:53,956] {taskinstance.py:1243} INFO - 
--------------------------------------------------------------------------------
[2022-02-28 22:17:53,956] {taskinstance.py:1244} INFO - Starting attempt 1 of 2
[2022-02-28 22:17:53,957] {taskinstance.py:1245} INFO - 
--------------------------------------------------------------------------------
[2022-02-28 22:17:53,975] {taskinstance.py:1264} INFO - Executing <Task(BashOperator): download_dataset_task> on 2022-02-18 10:00:00+00:00
[2022-02-28 22:17:53,984] {standard_task_runner.py:52} INFO - Started process 852 to run task
[2022-02-28 22:17:53,999] {standard_task_runner.py:76} INFO - Running: ['***', 'tasks', 'run', 'historical_fuel_data_ingestion', 'download_dataset_task', 'scheduled__2022-02-18T10:00:00+00:00', '--job-id', '98', '--raw', '--subdir', 'DAGS_FOLDER/ingest_historical_fuel_data_dag.py', '--cfg-path', '/tmp/tmpiwb2tu4z', '--error-file', '/tmp/tmpz8meydr3']
[2022-02-28 22:17:54,002] {standard_task_runner.py:77} INFO - Job 98: Subtask download_dataset_task
[2022-02-28 22:17:54,121] {logging_mixin.py:109} INFO - Running <TaskInstance: historical_fuel_data_ingestion.download_dataset_task scheduled__2022-02-18T10:00:00+00:00 [running]> on host ee95ca064caf
[2022-02-28 22:17:54,189] {warnings.py:110} WARNING - /home/***/.local/lib/python3.7/site-packages/***/utils/context.py:156: AirflowContextDeprecationWarning: Accessing 'execution_date' from the template is deprecated and will be removed in a future version. Please use 'data_interval_start' or 'logical_date' instead.
  warnings.warn(_create_deprecation_warning(key, self._deprecation_replacements[key]))

[2022-02-28 22:17:54,230] {taskinstance.py:1431} INFO - Exporting the following env vars:
AIRFLOW_CTX_DAG_OWNER=***
AIRFLOW_CTX_DAG_ID=historical_fuel_data_ingestion
AIRFLOW_CTX_TASK_ID=download_dataset_task
AIRFLOW_CTX_EXECUTION_DATE=2022-02-18T10:00:00+00:00
AIRFLOW_CTX_DAG_RUN_ID=scheduled__2022-02-18T10:00:00+00:00
[2022-02-28 22:17:54,232] {subprocess.py:62} INFO - Tmp dir root location: 
 /tmp
[2022-02-28 22:17:54,233] {subprocess.py:74} INFO - Running command: ['bash', '-c', 'curl -sSL https://www.aip.com.au/sites/default/files/download-files/2022-02/AIP_TGP_Data_18-Feb-2022.xlsx > /opt/***/historical_fuel_data_18-Feb-2022.xlsx']
[2022-02-28 22:17:54,262] {subprocess.py:85} INFO - Output:
[2022-02-28 22:17:54,343] {subprocess.py:93} INFO - Command exited with return code 0
[2022-02-28 22:17:54,371] {taskinstance.py:1282} INFO - Marking task as SUCCESS. dag_id=historical_fuel_data_ingestion, task_id=download_dataset_task, execution_date=20220218T100000, start_date=20220228T221753, end_date=20220228T221754
[2022-02-28 22:17:54,419] {local_task_job.py:154} INFO - Task exited with return code 0
[2022-02-28 22:17:54,472] {local_task_job.py:264} INFO - 1 downstream tasks scheduled from follow-on schedule check
