[2022-02-28 06:31:12,944] {taskinstance.py:1037} INFO - Dependencies all met for <TaskInstance: historical_fuel_data_ingestion.download_dataset_task scheduled__2022-02-18T10:00:00+00:00 [queued]>
[2022-02-28 06:31:12,955] {taskinstance.py:1037} INFO - Dependencies all met for <TaskInstance: historical_fuel_data_ingestion.download_dataset_task scheduled__2022-02-18T10:00:00+00:00 [queued]>
[2022-02-28 06:31:12,955] {taskinstance.py:1243} INFO - 
--------------------------------------------------------------------------------
[2022-02-28 06:31:12,955] {taskinstance.py:1244} INFO - Starting attempt 3 of 4
[2022-02-28 06:31:12,955] {taskinstance.py:1245} INFO - 
--------------------------------------------------------------------------------
[2022-02-28 06:31:12,967] {taskinstance.py:1264} INFO - Executing <Task(BashOperator): download_dataset_task> on 2022-02-18 10:00:00+00:00
[2022-02-28 06:31:12,973] {standard_task_runner.py:52} INFO - Started process 102 to run task
[2022-02-28 06:31:12,981] {standard_task_runner.py:76} INFO - Running: ['***', 'tasks', 'run', 'historical_fuel_data_ingestion', 'download_dataset_task', 'scheduled__2022-02-18T10:00:00+00:00', '--job-id', '87', '--raw', '--subdir', 'DAGS_FOLDER/ingest_historical_fuel_data_dag.py', '--cfg-path', '/tmp/tmp0i56j6e_', '--error-file', '/tmp/tmpmozfc7kr']
[2022-02-28 06:31:12,982] {standard_task_runner.py:77} INFO - Job 87: Subtask download_dataset_task
[2022-02-28 06:31:13,092] {logging_mixin.py:109} INFO - Running <TaskInstance: historical_fuel_data_ingestion.download_dataset_task scheduled__2022-02-18T10:00:00+00:00 [running]> on host 6085db133eab
[2022-02-28 06:31:13,151] {warnings.py:110} WARNING - /home/***/.local/lib/python3.7/site-packages/***/utils/context.py:156: AirflowContextDeprecationWarning: Accessing 'execution_date' from the template is deprecated and will be removed in a future version. Please use 'data_interval_start' or 'logical_date' instead.
  warnings.warn(_create_deprecation_warning(key, self._deprecation_replacements[key]))

[2022-02-28 06:31:13,177] {taskinstance.py:1431} INFO - Exporting the following env vars:
AIRFLOW_CTX_DAG_OWNER=***
AIRFLOW_CTX_DAG_ID=historical_fuel_data_ingestion
AIRFLOW_CTX_TASK_ID=download_dataset_task
AIRFLOW_CTX_EXECUTION_DATE=2022-02-18T10:00:00+00:00
AIRFLOW_CTX_DAG_RUN_ID=scheduled__2022-02-18T10:00:00+00:00
[2022-02-28 06:31:13,179] {subprocess.py:62} INFO - Tmp dir root location: 
 /tmp
[2022-02-28 06:31:13,180] {subprocess.py:74} INFO - Running command: ['bash', '-c', 'curl -sSL https://www.aip.com.au/sites/default/files/download-files/2022-02/AIP_TGP_Data_18-Feb-2022.xlsx > /opt/***/historical_fuel_data_18-Feb-2022.xlsx']
[2022-02-28 06:31:13,196] {subprocess.py:85} INFO - Output:
[2022-02-28 06:31:13,263] {subprocess.py:93} INFO - Command exited with return code 0
[2022-02-28 06:31:13,297] {taskinstance.py:1282} INFO - Marking task as SUCCESS. dag_id=historical_fuel_data_ingestion, task_id=download_dataset_task, execution_date=20220218T100000, start_date=20220228T063112, end_date=20220228T063113
[2022-02-28 06:31:13,357] {local_task_job.py:154} INFO - Task exited with return code 0
[2022-02-28 06:31:13,409] {local_task_job.py:264} INFO - 1 downstream tasks scheduled from follow-on schedule check
[2022-03-01 04:44:58,575] {taskinstance.py:1037} INFO - Dependencies all met for <TaskInstance: historical_fuel_data_ingestion.download_dataset_task scheduled__2022-02-18T10:00:00+00:00 [queued]>
[2022-03-01 04:44:58,587] {taskinstance.py:1037} INFO - Dependencies all met for <TaskInstance: historical_fuel_data_ingestion.download_dataset_task scheduled__2022-02-18T10:00:00+00:00 [queued]>
[2022-03-01 04:44:58,587] {taskinstance.py:1243} INFO - 
--------------------------------------------------------------------------------
[2022-03-01 04:44:58,587] {taskinstance.py:1244} INFO - Starting attempt 3 of 4
[2022-03-01 04:44:58,587] {taskinstance.py:1245} INFO - 
--------------------------------------------------------------------------------
[2022-03-01 04:44:58,599] {taskinstance.py:1264} INFO - Executing <Task(BashOperator): download_dataset_task> on 2022-02-18 10:00:00+00:00
[2022-03-01 04:44:58,608] {standard_task_runner.py:52} INFO - Started process 142 to run task
[2022-03-01 04:44:58,617] {standard_task_runner.py:76} INFO - Running: ['***', 'tasks', 'run', 'historical_fuel_data_ingestion', 'download_dataset_task', 'scheduled__2022-02-18T10:00:00+00:00', '--job-id', '114', '--raw', '--subdir', 'DAGS_FOLDER/ingest_historical_fuel_data_dag.py', '--cfg-path', '/tmp/tmph86gz7pq', '--error-file', '/tmp/tmpp6xul1sa']
[2022-03-01 04:44:58,618] {standard_task_runner.py:77} INFO - Job 114: Subtask download_dataset_task
[2022-03-01 04:44:58,701] {logging_mixin.py:109} INFO - Running <TaskInstance: historical_fuel_data_ingestion.download_dataset_task scheduled__2022-02-18T10:00:00+00:00 [running]> on host 9af18fae92cd
[2022-03-01 04:44:58,743] {warnings.py:110} WARNING - /home/***/.local/lib/python3.7/site-packages/***/utils/context.py:156: AirflowContextDeprecationWarning: Accessing 'execution_date' from the template is deprecated and will be removed in a future version. Please use 'data_interval_start' or 'logical_date' instead.
  warnings.warn(_create_deprecation_warning(key, self._deprecation_replacements[key]))

[2022-03-01 04:44:58,762] {taskinstance.py:1431} INFO - Exporting the following env vars:
AIRFLOW_CTX_DAG_OWNER=***
AIRFLOW_CTX_DAG_ID=historical_fuel_data_ingestion
AIRFLOW_CTX_TASK_ID=download_dataset_task
AIRFLOW_CTX_EXECUTION_DATE=2022-02-18T10:00:00+00:00
AIRFLOW_CTX_DAG_RUN_ID=scheduled__2022-02-18T10:00:00+00:00
[2022-03-01 04:44:58,763] {subprocess.py:62} INFO - Tmp dir root location: 
 /tmp
[2022-03-01 04:44:58,764] {subprocess.py:74} INFO - Running command: ['bash', '-c', 'curl -sSL https://www.aip.com.au/sites/default/files/download-files/2022-02/AIP_TGP_Data_18-Feb-2022.xlsx > /opt/***/historical_fuel_data_18-Feb-2022.xlsx']
[2022-03-01 04:44:58,781] {subprocess.py:85} INFO - Output:
[2022-03-01 04:44:58,841] {subprocess.py:93} INFO - Command exited with return code 0
[2022-03-01 04:44:58,872] {taskinstance.py:1282} INFO - Marking task as SUCCESS. dag_id=historical_fuel_data_ingestion, task_id=download_dataset_task, execution_date=20220218T100000, start_date=20220301T044458, end_date=20220301T044458
[2022-03-01 04:44:58,909] {local_task_job.py:154} INFO - Task exited with return code 0
[2022-03-01 04:44:58,954] {local_task_job.py:264} INFO - 1 downstream tasks scheduled from follow-on schedule check
