[2022-02-25 02:52:56,904] {taskinstance.py:1037} INFO - Dependencies all met for <TaskInstance: daily_fuel_data_ingestion.local_to_gcs_task manual__2022-02-24T22:55:20.271881+00:00 [queued]>
[2022-02-25 02:52:56,914] {taskinstance.py:1037} INFO - Dependencies all met for <TaskInstance: daily_fuel_data_ingestion.local_to_gcs_task manual__2022-02-24T22:55:20.271881+00:00 [queued]>
[2022-02-25 02:52:56,915] {taskinstance.py:1243} INFO - 
--------------------------------------------------------------------------------
[2022-02-25 02:52:56,915] {taskinstance.py:1244} INFO - Starting attempt 7 of 8
[2022-02-25 02:52:56,915] {taskinstance.py:1245} INFO - 
--------------------------------------------------------------------------------
[2022-02-25 02:52:56,928] {taskinstance.py:1264} INFO - Executing <Task(PythonOperator): local_to_gcs_task> on 2022-02-24 22:55:20.271881+00:00
[2022-02-25 02:52:56,934] {standard_task_runner.py:52} INFO - Started process 707 to run task
[2022-02-25 02:52:56,939] {standard_task_runner.py:76} INFO - Running: ['***', 'tasks', 'run', 'daily_fuel_data_ingestion', 'local_to_gcs_task', 'manual__2022-02-24T22:55:20.271881+00:00', '--job-id', '42', '--raw', '--subdir', 'DAGS_FOLDER/ingest_daily_fuel_data_dag.py', '--cfg-path', '/tmp/tmpbffmomq9', '--error-file', '/tmp/tmplm_m2hqp']
[2022-02-25 02:52:56,940] {standard_task_runner.py:77} INFO - Job 42: Subtask local_to_gcs_task
[2022-02-25 02:52:57,008] {logging_mixin.py:109} INFO - Running <TaskInstance: daily_fuel_data_ingestion.local_to_gcs_task manual__2022-02-24T22:55:20.271881+00:00 [running]> on host f9458bb89560
[2022-02-25 02:52:57,048] {warnings.py:110} WARNING - /home/***/.local/lib/python3.7/site-packages/***/utils/context.py:156: AirflowContextDeprecationWarning: Accessing 'execution_date' from the template is deprecated and will be removed in a future version. Please use 'data_interval_start' or 'logical_date' instead.
  warnings.warn(_create_deprecation_warning(key, self._deprecation_replacements[key]))

[2022-02-25 02:52:57,071] {taskinstance.py:1431} INFO - Exporting the following env vars:
AIRFLOW_CTX_DAG_OWNER=***
AIRFLOW_CTX_DAG_ID=daily_fuel_data_ingestion
AIRFLOW_CTX_TASK_ID=local_to_gcs_task
AIRFLOW_CTX_EXECUTION_DATE=2022-02-24T22:55:20.271881+00:00
AIRFLOW_CTX_DAG_RUN_ID=manual__2022-02-24T22:55:20.271881+00:00
[2022-02-25 02:52:57,494] {python.py:175} INFO - Done. Returned value was: None
[2022-02-25 02:52:57,509] {taskinstance.py:1282} INFO - Marking task as SUCCESS. dag_id=daily_fuel_data_ingestion, task_id=local_to_gcs_task, execution_date=20220224T225520, start_date=20220225T025256, end_date=20220225T025257
[2022-02-25 02:52:57,555] {local_task_job.py:154} INFO - Task exited with return code 0
[2022-02-25 02:52:57,642] {local_task_job.py:264} INFO - 1 downstream tasks scheduled from follow-on schedule check
