[2022-02-25 02:56:47,876] {taskinstance.py:1037} INFO - Dependencies all met for <TaskInstance: daily_fuel_data_ingestion.local_to_gcs_task manual__2022-02-24T22:55:20.271881+00:00 [queued]>
[2022-02-25 02:56:47,886] {taskinstance.py:1037} INFO - Dependencies all met for <TaskInstance: daily_fuel_data_ingestion.local_to_gcs_task manual__2022-02-24T22:55:20.271881+00:00 [queued]>
[2022-02-25 02:56:47,887] {taskinstance.py:1243} INFO - 
--------------------------------------------------------------------------------
[2022-02-25 02:56:47,887] {taskinstance.py:1244} INFO - Starting attempt 8 of 9
[2022-02-25 02:56:47,887] {taskinstance.py:1245} INFO - 
--------------------------------------------------------------------------------
[2022-02-25 02:56:47,898] {taskinstance.py:1264} INFO - Executing <Task(PythonOperator): local_to_gcs_task> on 2022-02-24 22:55:20.271881+00:00
[2022-02-25 02:56:47,905] {standard_task_runner.py:52} INFO - Started process 901 to run task
[2022-02-25 02:56:47,910] {standard_task_runner.py:76} INFO - Running: ['***', 'tasks', 'run', 'daily_fuel_data_ingestion', 'local_to_gcs_task', 'manual__2022-02-24T22:55:20.271881+00:00', '--job-id', '46', '--raw', '--subdir', 'DAGS_FOLDER/ingest_daily_fuel_data_dag.py', '--cfg-path', '/tmp/tmpx6vds6ol', '--error-file', '/tmp/tmpnifucqp3']
[2022-02-25 02:56:47,911] {standard_task_runner.py:77} INFO - Job 46: Subtask local_to_gcs_task
[2022-02-25 02:56:47,968] {logging_mixin.py:109} INFO - Running <TaskInstance: daily_fuel_data_ingestion.local_to_gcs_task manual__2022-02-24T22:55:20.271881+00:00 [running]> on host f9458bb89560
[2022-02-25 02:56:48,006] {warnings.py:110} WARNING - /home/***/.local/lib/python3.7/site-packages/***/utils/context.py:156: AirflowContextDeprecationWarning: Accessing 'execution_date' from the template is deprecated and will be removed in a future version. Please use 'data_interval_start' or 'logical_date' instead.
  warnings.warn(_create_deprecation_warning(key, self._deprecation_replacements[key]))

[2022-02-25 02:56:48,027] {taskinstance.py:1431} INFO - Exporting the following env vars:
AIRFLOW_CTX_DAG_OWNER=***
AIRFLOW_CTX_DAG_ID=daily_fuel_data_ingestion
AIRFLOW_CTX_TASK_ID=local_to_gcs_task
AIRFLOW_CTX_EXECUTION_DATE=2022-02-24T22:55:20.271881+00:00
AIRFLOW_CTX_DAG_RUN_ID=manual__2022-02-24T22:55:20.271881+00:00
[2022-02-25 02:56:48,411] {python.py:175} INFO - Done. Returned value was: None
[2022-02-25 02:56:48,424] {taskinstance.py:1282} INFO - Marking task as SUCCESS. dag_id=daily_fuel_data_ingestion, task_id=local_to_gcs_task, execution_date=20220224T225520, start_date=20220225T025647, end_date=20220225T025648
[2022-02-25 02:56:48,445] {local_task_job.py:154} INFO - Task exited with return code 0
[2022-02-25 02:56:48,478] {local_task_job.py:264} INFO - 1 downstream tasks scheduled from follow-on schedule check
