[2022-02-28 22:18:05,304] {taskinstance.py:1037} INFO - Dependencies all met for <TaskInstance: historical_fuel_data_ingestion.delete_local_files_task scheduled__2022-02-18T10:00:00+00:00 [queued]>
[2022-02-28 22:18:05,313] {taskinstance.py:1037} INFO - Dependencies all met for <TaskInstance: historical_fuel_data_ingestion.delete_local_files_task scheduled__2022-02-18T10:00:00+00:00 [queued]>
[2022-02-28 22:18:05,314] {taskinstance.py:1243} INFO - 
--------------------------------------------------------------------------------
[2022-02-28 22:18:05,314] {taskinstance.py:1244} INFO - Starting attempt 1 of 2
[2022-02-28 22:18:05,314] {taskinstance.py:1245} INFO - 
--------------------------------------------------------------------------------
[2022-02-28 22:18:05,327] {taskinstance.py:1264} INFO - Executing <Task(BashOperator): delete_local_files_task> on 2022-02-18 10:00:00+00:00
[2022-02-28 22:18:05,333] {standard_task_runner.py:52} INFO - Started process 890 to run task
[2022-02-28 22:18:05,338] {standard_task_runner.py:76} INFO - Running: ['***', 'tasks', 'run', 'historical_fuel_data_ingestion', 'delete_local_files_task', 'scheduled__2022-02-18T10:00:00+00:00', '--job-id', '104', '--raw', '--subdir', 'DAGS_FOLDER/ingest_historical_fuel_data_dag.py', '--cfg-path', '/tmp/tmprz_5rpg5', '--error-file', '/tmp/tmp9spx7ck5']
[2022-02-28 22:18:05,340] {standard_task_runner.py:77} INFO - Job 104: Subtask delete_local_files_task
[2022-02-28 22:18:05,397] {logging_mixin.py:109} INFO - Running <TaskInstance: historical_fuel_data_ingestion.delete_local_files_task scheduled__2022-02-18T10:00:00+00:00 [running]> on host ee95ca064caf
[2022-02-28 22:18:05,432] {warnings.py:110} WARNING - /home/***/.local/lib/python3.7/site-packages/***/utils/context.py:156: AirflowContextDeprecationWarning: Accessing 'execution_date' from the template is deprecated and will be removed in a future version. Please use 'data_interval_start' or 'logical_date' instead.
  warnings.warn(_create_deprecation_warning(key, self._deprecation_replacements[key]))

[2022-02-28 22:18:05,452] {taskinstance.py:1431} INFO - Exporting the following env vars:
AIRFLOW_CTX_DAG_OWNER=***
AIRFLOW_CTX_DAG_ID=historical_fuel_data_ingestion
AIRFLOW_CTX_TASK_ID=delete_local_files_task
AIRFLOW_CTX_EXECUTION_DATE=2022-02-18T10:00:00+00:00
AIRFLOW_CTX_DAG_RUN_ID=scheduled__2022-02-18T10:00:00+00:00
[2022-02-28 22:18:05,453] {subprocess.py:62} INFO - Tmp dir root location: 
 /tmp
[2022-02-28 22:18:05,453] {subprocess.py:74} INFO - Running command: ['bash', '-c', 'rm /opt/***/historical_fuel_data_18-Feb-2022.xlsx /opt/***/historical_fuel_data_18-Feb-2022.csv /opt/***/historical_fuel_data_18-Feb-2022.parquet']
[2022-02-28 22:18:05,468] {subprocess.py:85} INFO - Output:
[2022-02-28 22:18:05,474] {subprocess.py:93} INFO - Command exited with return code 0
[2022-02-28 22:18:05,502] {taskinstance.py:1282} INFO - Marking task as SUCCESS. dag_id=historical_fuel_data_ingestion, task_id=delete_local_files_task, execution_date=20220218T100000, start_date=20220228T221805, end_date=20220228T221805
[2022-02-28 22:18:05,552] {local_task_job.py:154} INFO - Task exited with return code 0
[2022-02-28 22:18:05,586] {local_task_job.py:264} INFO - 1 downstream tasks scheduled from follow-on schedule check
