[2022-02-28 22:18:01,208] {taskinstance.py:1037} INFO - Dependencies all met for <TaskInstance: historical_fuel_data_ingestion.format_to_parquet_task scheduled__2022-02-18T10:00:00+00:00 [queued]>
[2022-02-28 22:18:01,218] {taskinstance.py:1037} INFO - Dependencies all met for <TaskInstance: historical_fuel_data_ingestion.format_to_parquet_task scheduled__2022-02-18T10:00:00+00:00 [queued]>
[2022-02-28 22:18:01,218] {taskinstance.py:1243} INFO - 
--------------------------------------------------------------------------------
[2022-02-28 22:18:01,218] {taskinstance.py:1244} INFO - Starting attempt 1 of 2
[2022-02-28 22:18:01,218] {taskinstance.py:1245} INFO - 
--------------------------------------------------------------------------------
[2022-02-28 22:18:01,231] {taskinstance.py:1264} INFO - Executing <Task(PythonOperator): format_to_parquet_task> on 2022-02-18 10:00:00+00:00
[2022-02-28 22:18:01,238] {standard_task_runner.py:52} INFO - Started process 879 to run task
[2022-02-28 22:18:01,243] {standard_task_runner.py:76} INFO - Running: ['***', 'tasks', 'run', 'historical_fuel_data_ingestion', 'format_to_parquet_task', 'scheduled__2022-02-18T10:00:00+00:00', '--job-id', '102', '--raw', '--subdir', 'DAGS_FOLDER/ingest_historical_fuel_data_dag.py', '--cfg-path', '/tmp/tmpnso60oiv', '--error-file', '/tmp/tmplvyorhox']
[2022-02-28 22:18:01,245] {standard_task_runner.py:77} INFO - Job 102: Subtask format_to_parquet_task
[2022-02-28 22:18:01,303] {logging_mixin.py:109} INFO - Running <TaskInstance: historical_fuel_data_ingestion.format_to_parquet_task scheduled__2022-02-18T10:00:00+00:00 [running]> on host ee95ca064caf
[2022-02-28 22:18:01,340] {warnings.py:110} WARNING - /home/***/.local/lib/python3.7/site-packages/***/utils/context.py:156: AirflowContextDeprecationWarning: Accessing 'execution_date' from the template is deprecated and will be removed in a future version. Please use 'data_interval_start' or 'logical_date' instead.
  warnings.warn(_create_deprecation_warning(key, self._deprecation_replacements[key]))

[2022-02-28 22:18:01,359] {taskinstance.py:1431} INFO - Exporting the following env vars:
AIRFLOW_CTX_DAG_OWNER=***
AIRFLOW_CTX_DAG_ID=historical_fuel_data_ingestion
AIRFLOW_CTX_TASK_ID=format_to_parquet_task
AIRFLOW_CTX_EXECUTION_DATE=2022-02-18T10:00:00+00:00
AIRFLOW_CTX_DAG_RUN_ID=scheduled__2022-02-18T10:00:00+00:00
[2022-02-28 22:18:01,492] {python.py:175} INFO - Done. Returned value was: None
[2022-02-28 22:18:01,505] {taskinstance.py:1282} INFO - Marking task as SUCCESS. dag_id=historical_fuel_data_ingestion, task_id=format_to_parquet_task, execution_date=20220218T100000, start_date=20220228T221801, end_date=20220228T221801
[2022-02-28 22:18:01,536] {local_task_job.py:154} INFO - Task exited with return code 0
[2022-02-28 22:18:01,579] {local_task_job.py:264} INFO - 1 downstream tasks scheduled from follow-on schedule check
