[2022-02-27 22:05:01,474] {taskinstance.py:1037} INFO - Dependencies all met for <TaskInstance: daily_fuel_data_ingestion.create_fuel_dataset scheduled__2022-02-26T00:00:00+00:00 [queued]>
[2022-02-27 22:05:01,490] {taskinstance.py:1037} INFO - Dependencies all met for <TaskInstance: daily_fuel_data_ingestion.create_fuel_dataset scheduled__2022-02-26T00:00:00+00:00 [queued]>
[2022-02-27 22:05:01,491] {taskinstance.py:1243} INFO - 
--------------------------------------------------------------------------------
[2022-02-27 22:05:01,491] {taskinstance.py:1244} INFO - Starting attempt 1 of 2
[2022-02-27 22:05:01,491] {taskinstance.py:1245} INFO - 
--------------------------------------------------------------------------------
[2022-02-27 22:05:01,513] {taskinstance.py:1264} INFO - Executing <Task(PythonOperator): create_fuel_dataset> on 2022-02-26 00:00:00+00:00
[2022-02-27 22:05:01,525] {standard_task_runner.py:52} INFO - Started process 75 to run task
[2022-02-27 22:05:01,531] {standard_task_runner.py:76} INFO - Running: ['***', 'tasks', 'run', 'daily_fuel_data_ingestion', 'create_fuel_dataset', 'scheduled__2022-02-26T00:00:00+00:00', '--job-id', '66', '--raw', '--subdir', 'DAGS_FOLDER/ingest_daily_fuel_data_dag.py', '--cfg-path', '/tmp/tmpehdw7zk0', '--error-file', '/tmp/tmp5z4qfis3']
[2022-02-27 22:05:01,540] {standard_task_runner.py:77} INFO - Job 66: Subtask create_fuel_dataset
[2022-02-27 22:05:01,751] {logging_mixin.py:109} INFO - Running <TaskInstance: daily_fuel_data_ingestion.create_fuel_dataset scheduled__2022-02-26T00:00:00+00:00 [running]> on host daf54b46ba6b
[2022-02-27 22:05:01,843] {warnings.py:110} WARNING - /home/***/.local/lib/python3.7/site-packages/***/utils/context.py:156: AirflowContextDeprecationWarning: Accessing 'execution_date' from the template is deprecated and will be removed in a future version. Please use 'data_interval_start' or 'logical_date' instead.
  warnings.warn(_create_deprecation_warning(key, self._deprecation_replacements[key]))

[2022-02-27 22:05:01,895] {taskinstance.py:1431} INFO - Exporting the following env vars:
AIRFLOW_CTX_DAG_OWNER=***
AIRFLOW_CTX_DAG_ID=daily_fuel_data_ingestion
AIRFLOW_CTX_TASK_ID=create_fuel_dataset
AIRFLOW_CTX_EXECUTION_DATE=2022-02-26T00:00:00+00:00
AIRFLOW_CTX_DAG_RUN_ID=scheduled__2022-02-26T00:00:00+00:00
[2022-02-27 22:05:02,237] {warnings.py:110} WARNING - /opt/***/dags/ingest_daily_fuel_data_dag.py:76: FutureWarning: Dropping of nuisance columns in DataFrame reductions (with 'numeric_only=None') is deprecated; in a future version this will raise TypeError.  Select only valid columns before calling the reduction.
  final_df["national_average"] = final_df.mean(axis=1).round(1)

[2022-02-27 22:05:02,249] {logging_mixin.py:109} INFO - CSV saved to /opt/***/daily_fuel_data_26-Feb-2022.csv
[2022-02-27 22:05:02,249] {python.py:175} INFO - Done. Returned value was: None
[2022-02-27 22:05:02,271] {taskinstance.py:1282} INFO - Marking task as SUCCESS. dag_id=daily_fuel_data_ingestion, task_id=create_fuel_dataset, execution_date=20220226T000000, start_date=20220227T220501, end_date=20220227T220502
[2022-02-27 22:05:02,303] {local_task_job.py:154} INFO - Task exited with return code 0
[2022-02-27 22:05:02,369] {local_task_job.py:264} INFO - 1 downstream tasks scheduled from follow-on schedule check
