[2022-02-25 03:02:37,650] {taskinstance.py:1037} INFO - Dependencies all met for <TaskInstance: daily_fuel_data_ingestion.create_fuel_dataset manual__2022-02-25T03:02:36.373009+00:00 [queued]>
[2022-02-25 03:02:37,660] {taskinstance.py:1037} INFO - Dependencies all met for <TaskInstance: daily_fuel_data_ingestion.create_fuel_dataset manual__2022-02-25T03:02:36.373009+00:00 [queued]>
[2022-02-25 03:02:37,660] {taskinstance.py:1243} INFO - 
--------------------------------------------------------------------------------
[2022-02-25 03:02:37,660] {taskinstance.py:1244} INFO - Starting attempt 1 of 2
[2022-02-25 03:02:37,660] {taskinstance.py:1245} INFO - 
--------------------------------------------------------------------------------
[2022-02-25 03:02:37,671] {taskinstance.py:1264} INFO - Executing <Task(PythonOperator): create_fuel_dataset> on 2022-02-25 03:02:36.373009+00:00
[2022-02-25 03:02:37,679] {standard_task_runner.py:52} INFO - Started process 1178 to run task
[2022-02-25 03:02:37,685] {standard_task_runner.py:76} INFO - Running: ['***', 'tasks', 'run', 'daily_fuel_data_ingestion', 'create_fuel_dataset', 'manual__2022-02-25T03:02:36.373009+00:00', '--job-id', '48', '--raw', '--subdir', 'DAGS_FOLDER/ingest_daily_fuel_data_dag.py', '--cfg-path', '/tmp/tmpz_p3gy1y', '--error-file', '/tmp/tmpbua2kga9']
[2022-02-25 03:02:37,686] {standard_task_runner.py:77} INFO - Job 48: Subtask create_fuel_dataset
[2022-02-25 03:02:37,746] {logging_mixin.py:109} INFO - Running <TaskInstance: daily_fuel_data_ingestion.create_fuel_dataset manual__2022-02-25T03:02:36.373009+00:00 [running]> on host f9458bb89560
[2022-02-25 03:02:37,783] {warnings.py:110} WARNING - /home/***/.local/lib/python3.7/site-packages/***/utils/context.py:156: AirflowContextDeprecationWarning: Accessing 'execution_date' from the template is deprecated and will be removed in a future version. Please use 'data_interval_start' or 'logical_date' instead.
  warnings.warn(_create_deprecation_warning(key, self._deprecation_replacements[key]))

[2022-02-25 03:02:37,805] {taskinstance.py:1431} INFO - Exporting the following env vars:
AIRFLOW_CTX_DAG_OWNER=***
AIRFLOW_CTX_DAG_ID=daily_fuel_data_ingestion
AIRFLOW_CTX_TASK_ID=create_fuel_dataset
AIRFLOW_CTX_EXECUTION_DATE=2022-02-25T03:02:36.373009+00:00
AIRFLOW_CTX_DAG_RUN_ID=manual__2022-02-25T03:02:36.373009+00:00
[2022-02-25 03:02:38,103] {warnings.py:110} WARNING - /opt/***/dags/ingest_daily_fuel_data_dag.py:76: FutureWarning: Dropping of nuisance columns in DataFrame reductions (with 'numeric_only=None') is deprecated; in a future version this will raise TypeError.  Select only valid columns before calling the reduction.
  final_df["national_average"] = final_df.mean(axis=1).round(1)

[2022-02-25 03:02:38,109] {logging_mixin.py:109} INFO - CSV saved to /opt/***/daily_fuel_data_25-Feb-2022.csv
[2022-02-25 03:02:38,109] {python.py:175} INFO - Done. Returned value was: None
[2022-02-25 03:02:38,122] {taskinstance.py:1282} INFO - Marking task as SUCCESS. dag_id=daily_fuel_data_ingestion, task_id=create_fuel_dataset, execution_date=20220225T030236, start_date=20220225T030237, end_date=20220225T030238
[2022-02-25 03:02:38,178] {local_task_job.py:154} INFO - Task exited with return code 0
[2022-02-25 03:02:38,235] {local_task_job.py:264} INFO - 1 downstream tasks scheduled from follow-on schedule check
