[2022-02-25 03:02:40,176] {taskinstance.py:1037} INFO - Dependencies all met for <TaskInstance: daily_fuel_data_ingestion.format_to_parquet_task manual__2022-02-25T03:02:36.373009+00:00 [queued]>
[2022-02-25 03:02:40,186] {taskinstance.py:1037} INFO - Dependencies all met for <TaskInstance: daily_fuel_data_ingestion.format_to_parquet_task manual__2022-02-25T03:02:36.373009+00:00 [queued]>
[2022-02-25 03:02:40,186] {taskinstance.py:1243} INFO - 
--------------------------------------------------------------------------------
[2022-02-25 03:02:40,186] {taskinstance.py:1244} INFO - Starting attempt 1 of 2
[2022-02-25 03:02:40,186] {taskinstance.py:1245} INFO - 
--------------------------------------------------------------------------------
[2022-02-25 03:02:40,200] {taskinstance.py:1264} INFO - Executing <Task(PythonOperator): format_to_parquet_task> on 2022-02-25 03:02:36.373009+00:00
[2022-02-25 03:02:40,207] {standard_task_runner.py:52} INFO - Started process 1181 to run task
[2022-02-25 03:02:40,212] {standard_task_runner.py:76} INFO - Running: ['***', 'tasks', 'run', 'daily_fuel_data_ingestion', 'format_to_parquet_task', 'manual__2022-02-25T03:02:36.373009+00:00', '--job-id', '49', '--raw', '--subdir', 'DAGS_FOLDER/ingest_daily_fuel_data_dag.py', '--cfg-path', '/tmp/tmpuxte460a', '--error-file', '/tmp/tmpodgggqwe']
[2022-02-25 03:02:40,213] {standard_task_runner.py:77} INFO - Job 49: Subtask format_to_parquet_task
[2022-02-25 03:02:40,273] {logging_mixin.py:109} INFO - Running <TaskInstance: daily_fuel_data_ingestion.format_to_parquet_task manual__2022-02-25T03:02:36.373009+00:00 [running]> on host f9458bb89560
[2022-02-25 03:02:40,312] {warnings.py:110} WARNING - /home/***/.local/lib/python3.7/site-packages/***/utils/context.py:156: AirflowContextDeprecationWarning: Accessing 'execution_date' from the template is deprecated and will be removed in a future version. Please use 'data_interval_start' or 'logical_date' instead.
  warnings.warn(_create_deprecation_warning(key, self._deprecation_replacements[key]))

[2022-02-25 03:02:40,334] {taskinstance.py:1431} INFO - Exporting the following env vars:
AIRFLOW_CTX_DAG_OWNER=***
AIRFLOW_CTX_DAG_ID=daily_fuel_data_ingestion
AIRFLOW_CTX_TASK_ID=format_to_parquet_task
AIRFLOW_CTX_EXECUTION_DATE=2022-02-25T03:02:36.373009+00:00
AIRFLOW_CTX_DAG_RUN_ID=manual__2022-02-25T03:02:36.373009+00:00
[2022-02-25 03:02:40,335] {logging_mixin.py:109} INFO - /opt/***/daily_fuel_data_25-Feb-2022.csv
[2022-02-25 03:02:40,469] {logging_mixin.py:109} INFO - Parquet saved to /opt/***/daily_fuel_data_{{ execution_date.strftime('%d-%b-%Y') }}.parquet
[2022-02-25 03:02:40,469] {python.py:175} INFO - Done. Returned value was: None
[2022-02-25 03:02:40,483] {taskinstance.py:1282} INFO - Marking task as SUCCESS. dag_id=daily_fuel_data_ingestion, task_id=format_to_parquet_task, execution_date=20220225T030236, start_date=20220225T030240, end_date=20220225T030240
[2022-02-25 03:02:40,504] {local_task_job.py:154} INFO - Task exited with return code 0
[2022-02-25 03:02:40,546] {local_task_job.py:264} INFO - 1 downstream tasks scheduled from follow-on schedule check
