[2022-02-24 23:59:25,154] {taskinstance.py:1037} INFO - Dependencies all met for <TaskInstance: daily_fuel_data_ingestion.delete_local_files_task manual__2022-02-24T22:55:20.271881+00:00 [queued]>
[2022-02-24 23:59:25,164] {taskinstance.py:1037} INFO - Dependencies all met for <TaskInstance: daily_fuel_data_ingestion.delete_local_files_task manual__2022-02-24T22:55:20.271881+00:00 [queued]>
[2022-02-24 23:59:25,164] {taskinstance.py:1243} INFO - 
--------------------------------------------------------------------------------
[2022-02-24 23:59:25,164] {taskinstance.py:1244} INFO - Starting attempt 10 of 11
[2022-02-24 23:59:25,164] {taskinstance.py:1245} INFO - 
--------------------------------------------------------------------------------
[2022-02-24 23:59:25,175] {taskinstance.py:1264} INFO - Executing <Task(BashOperator): delete_local_files_task> on 2022-02-24 22:55:20.271881+00:00
[2022-02-24 23:59:25,182] {standard_task_runner.py:52} INFO - Started process 3165 to run task
[2022-02-24 23:59:25,187] {standard_task_runner.py:76} INFO - Running: ['***', 'tasks', 'run', 'daily_fuel_data_ingestion', 'delete_local_files_task', 'manual__2022-02-24T22:55:20.271881+00:00', '--job-id', '37', '--raw', '--subdir', 'DAGS_FOLDER/ingest_daily_fuel_data_dag.py', '--cfg-path', '/tmp/tmpx68h6609', '--error-file', '/tmp/tmprq7m5nks']
[2022-02-24 23:59:25,188] {standard_task_runner.py:77} INFO - Job 37: Subtask delete_local_files_task
[2022-02-24 23:59:25,245] {logging_mixin.py:109} INFO - Running <TaskInstance: daily_fuel_data_ingestion.delete_local_files_task manual__2022-02-24T22:55:20.271881+00:00 [running]> on host 036a2a858d52
[2022-02-24 23:59:25,282] {warnings.py:110} WARNING - /home/***/.local/lib/python3.7/site-packages/***/utils/context.py:156: AirflowContextDeprecationWarning: Accessing 'execution_date' from the template is deprecated and will be removed in a future version. Please use 'data_interval_start' or 'logical_date' instead.
  warnings.warn(_create_deprecation_warning(key, self._deprecation_replacements[key]))

[2022-02-24 23:59:25,305] {taskinstance.py:1431} INFO - Exporting the following env vars:
AIRFLOW_CTX_DAG_OWNER=***
AIRFLOW_CTX_DAG_ID=daily_fuel_data_ingestion
AIRFLOW_CTX_TASK_ID=delete_local_files_task
AIRFLOW_CTX_EXECUTION_DATE=2022-02-24T22:55:20.271881+00:00
AIRFLOW_CTX_DAG_RUN_ID=manual__2022-02-24T22:55:20.271881+00:00
[2022-02-24 23:59:25,307] {subprocess.py:62} INFO - Tmp dir root location: 
 /tmp
[2022-02-24 23:59:25,307] {subprocess.py:74} INFO - Running command: ['bash', '-c', 'rm /opt/***/daily_fuel_data_24-Feb-2022.csv /opt/***/daily_fuel_data_24-Feb-2022.parquet']
[2022-02-24 23:59:25,321] {subprocess.py:85} INFO - Output:
[2022-02-24 23:59:25,325] {subprocess.py:93} INFO - Command exited with return code 0
[2022-02-24 23:59:25,353] {taskinstance.py:1282} INFO - Marking task as SUCCESS. dag_id=daily_fuel_data_ingestion, task_id=delete_local_files_task, execution_date=20220224T225520, start_date=20220224T235925, end_date=20220224T235925
[2022-02-24 23:59:25,399] {local_task_job.py:154} INFO - Task exited with return code 0
[2022-02-24 23:59:25,431] {local_task_job.py:264} INFO - 0 downstream tasks scheduled from follow-on schedule check
