[2022-02-28 22:07:39,832] {taskinstance.py:1037} INFO - Dependencies all met for <TaskInstance: historical_fuel_data_ingestion.create_fuel_dataset scheduled__2022-02-18T10:00:00+00:00 [queued]>
[2022-02-28 22:07:39,843] {taskinstance.py:1037} INFO - Dependencies all met for <TaskInstance: historical_fuel_data_ingestion.create_fuel_dataset scheduled__2022-02-18T10:00:00+00:00 [queued]>
[2022-02-28 22:07:39,843] {taskinstance.py:1243} INFO - 
--------------------------------------------------------------------------------
[2022-02-28 22:07:39,843] {taskinstance.py:1244} INFO - Starting attempt 8 of 8
[2022-02-28 22:07:39,843] {taskinstance.py:1245} INFO - 
--------------------------------------------------------------------------------
[2022-02-28 22:07:39,856] {taskinstance.py:1264} INFO - Executing <Task(PythonOperator): create_fuel_dataset> on 2022-02-18 10:00:00+00:00
[2022-02-28 22:07:39,863] {standard_task_runner.py:52} INFO - Started process 352 to run task
[2022-02-28 22:07:39,868] {standard_task_runner.py:76} INFO - Running: ['***', 'tasks', 'run', 'historical_fuel_data_ingestion', 'create_fuel_dataset', 'scheduled__2022-02-18T10:00:00+00:00', '--job-id', '94', '--raw', '--subdir', 'DAGS_FOLDER/ingest_historical_fuel_data_dag.py', '--cfg-path', '/tmp/tmpqfcoo6z0', '--error-file', '/tmp/tmps0vno7d9']
[2022-02-28 22:07:39,869] {standard_task_runner.py:77} INFO - Job 94: Subtask create_fuel_dataset
[2022-02-28 22:07:39,928] {logging_mixin.py:109} INFO - Running <TaskInstance: historical_fuel_data_ingestion.create_fuel_dataset scheduled__2022-02-18T10:00:00+00:00 [running]> on host ee95ca064caf
[2022-02-28 22:07:39,966] {warnings.py:110} WARNING - /home/***/.local/lib/python3.7/site-packages/***/utils/context.py:156: AirflowContextDeprecationWarning: Accessing 'execution_date' from the template is deprecated and will be removed in a future version. Please use 'data_interval_start' or 'logical_date' instead.
  warnings.warn(_create_deprecation_warning(key, self._deprecation_replacements[key]))

[2022-02-28 22:07:39,989] {taskinstance.py:1431} INFO - Exporting the following env vars:
AIRFLOW_CTX_DAG_OWNER=***
AIRFLOW_CTX_DAG_ID=historical_fuel_data_ingestion
AIRFLOW_CTX_TASK_ID=create_fuel_dataset
AIRFLOW_CTX_EXECUTION_DATE=2022-02-18T10:00:00+00:00
AIRFLOW_CTX_DAG_RUN_ID=scheduled__2022-02-18T10:00:00+00:00
[2022-02-28 22:07:39,990] {taskinstance.py:1718} ERROR - Task failed with exception
Traceback (most recent call last):
  File "/home/airflow/.local/lib/python3.7/site-packages/airflow/models/taskinstance.py", line 1334, in _run_raw_task
    self._execute_task_with_callbacks(context)
  File "/home/airflow/.local/lib/python3.7/site-packages/airflow/models/taskinstance.py", line 1460, in _execute_task_with_callbacks
    result = self._execute_task(context, self.task)
  File "/home/airflow/.local/lib/python3.7/site-packages/airflow/models/taskinstance.py", line 1516, in _execute_task
    result = execute_callable(context=context)
  File "/home/airflow/.local/lib/python3.7/site-packages/airflow/operators/python.py", line 174, in execute
    return_value = self.execute_callable()
  File "/home/airflow/.local/lib/python3.7/site-packages/airflow/operators/python.py", line 188, in execute_callable
    return self.python_callable(*self.op_args, **self.op_kwargs)
  File "/opt/airflow/dags/ingest_historical_fuel_data_dag.py", line 26, in get_historical_fuel_data
    import openpyxl
ModuleNotFoundError: No module named 'openpyxl'
[2022-02-28 22:07:40,003] {taskinstance.py:1282} INFO - Marking task as FAILED. dag_id=historical_fuel_data_ingestion, task_id=create_fuel_dataset, execution_date=20220218T100000, start_date=20220228T220739, end_date=20220228T220740
[2022-02-28 22:07:40,017] {standard_task_runner.py:92} ERROR - Failed to execute job 94 for task create_fuel_dataset
Traceback (most recent call last):
  File "/home/airflow/.local/lib/python3.7/site-packages/airflow/task/task_runner/standard_task_runner.py", line 85, in _start_by_fork
    args.func(args, dag=self.dag)
  File "/home/airflow/.local/lib/python3.7/site-packages/airflow/cli/cli_parser.py", line 48, in command
    return func(*args, **kwargs)
  File "/home/airflow/.local/lib/python3.7/site-packages/airflow/utils/cli.py", line 92, in wrapper
    return f(*args, **kwargs)
  File "/home/airflow/.local/lib/python3.7/site-packages/airflow/cli/commands/task_command.py", line 298, in task_run
    _run_task_by_selected_method(args, dag, ti)
  File "/home/airflow/.local/lib/python3.7/site-packages/airflow/cli/commands/task_command.py", line 107, in _run_task_by_selected_method
    _run_raw_task(args, ti)
  File "/home/airflow/.local/lib/python3.7/site-packages/airflow/cli/commands/task_command.py", line 184, in _run_raw_task
    error_file=args.error_file,
  File "/home/airflow/.local/lib/python3.7/site-packages/airflow/utils/session.py", line 70, in wrapper
    return func(*args, session=session, **kwargs)
  File "/home/airflow/.local/lib/python3.7/site-packages/airflow/models/taskinstance.py", line 1334, in _run_raw_task
    self._execute_task_with_callbacks(context)
  File "/home/airflow/.local/lib/python3.7/site-packages/airflow/models/taskinstance.py", line 1460, in _execute_task_with_callbacks
    result = self._execute_task(context, self.task)
  File "/home/airflow/.local/lib/python3.7/site-packages/airflow/models/taskinstance.py", line 1516, in _execute_task
    result = execute_callable(context=context)
  File "/home/airflow/.local/lib/python3.7/site-packages/airflow/operators/python.py", line 174, in execute
    return_value = self.execute_callable()
  File "/home/airflow/.local/lib/python3.7/site-packages/airflow/operators/python.py", line 188, in execute_callable
    return self.python_callable(*self.op_args, **self.op_kwargs)
  File "/opt/airflow/dags/ingest_historical_fuel_data_dag.py", line 26, in get_historical_fuel_data
    import openpyxl
ModuleNotFoundError: No module named 'openpyxl'
[2022-02-28 22:07:40,039] {local_task_job.py:154} INFO - Task exited with return code 1
[2022-02-28 22:07:40,084] {local_task_job.py:264} INFO - 0 downstream tasks scheduled from follow-on schedule check
