[2022-03-02 00:36:05,952] {processor.py:163} INFO - Started process (PID=40) to work on /opt/airflow/dags/ingest_daily_fuel_data_dag.py
[2022-03-02 00:36:05,954] {processor.py:642} INFO - Processing file /opt/airflow/dags/ingest_daily_fuel_data_dag.py for tasks to queue
[2022-03-02 00:36:05,954] {logging_mixin.py:109} INFO - [2022-03-02 00:36:05,954] {dagbag.py:500} INFO - Filling up the DagBag from /opt/airflow/dags/ingest_daily_fuel_data_dag.py
[2022-03-02 00:36:11,332] {processor.py:654} INFO - DAG(s) dict_keys(['daily_fuel_data_ingestion']) retrieved from /opt/airflow/dags/ingest_daily_fuel_data_dag.py
[2022-03-02 00:36:13,000] {logging_mixin.py:109} INFO - [2022-03-02 00:36:13,000] {dag.py:2398} INFO - Sync 1 DAGs
[2022-03-02 00:36:13,028] {logging_mixin.py:109} INFO - [2022-03-02 00:36:13,028] {dag.py:2937} INFO - Setting next_dagrun for daily_fuel_data_ingestion to 2022-03-03 00:00:00+00:00
[2022-03-02 00:36:13,051] {processor.py:171} INFO - Processing /opt/airflow/dags/ingest_daily_fuel_data_dag.py took 7.109 seconds
[2022-03-02 00:36:43,161] {processor.py:163} INFO - Started process (PID=81) to work on /opt/airflow/dags/ingest_daily_fuel_data_dag.py
[2022-03-02 00:36:43,163] {processor.py:642} INFO - Processing file /opt/airflow/dags/ingest_daily_fuel_data_dag.py for tasks to queue
[2022-03-02 00:36:43,164] {logging_mixin.py:109} INFO - [2022-03-02 00:36:43,163] {dagbag.py:500} INFO - Filling up the DagBag from /opt/airflow/dags/ingest_daily_fuel_data_dag.py
[2022-03-02 00:36:44,027] {processor.py:654} INFO - DAG(s) dict_keys(['daily_fuel_data_ingestion']) retrieved from /opt/airflow/dags/ingest_daily_fuel_data_dag.py
[2022-03-02 00:36:44,247] {logging_mixin.py:109} INFO - [2022-03-02 00:36:44,247] {dag.py:2398} INFO - Sync 1 DAGs
[2022-03-02 00:36:44,267] {logging_mixin.py:109} INFO - [2022-03-02 00:36:44,267] {dag.py:2937} INFO - Setting next_dagrun for daily_fuel_data_ingestion to 2022-03-03 00:00:00+00:00
[2022-03-02 00:36:44,279] {processor.py:171} INFO - Processing /opt/airflow/dags/ingest_daily_fuel_data_dag.py took 1.123 seconds
[2022-03-02 00:37:14,363] {processor.py:163} INFO - Started process (PID=109) to work on /opt/airflow/dags/ingest_daily_fuel_data_dag.py
[2022-03-02 00:37:14,365] {processor.py:642} INFO - Processing file /opt/airflow/dags/ingest_daily_fuel_data_dag.py for tasks to queue
[2022-03-02 00:37:14,366] {logging_mixin.py:109} INFO - [2022-03-02 00:37:14,366] {dagbag.py:500} INFO - Filling up the DagBag from /opt/airflow/dags/ingest_daily_fuel_data_dag.py
[2022-03-02 00:37:15,274] {processor.py:654} INFO - DAG(s) dict_keys(['daily_fuel_data_ingestion']) retrieved from /opt/airflow/dags/ingest_daily_fuel_data_dag.py
[2022-03-02 00:37:15,494] {logging_mixin.py:109} INFO - [2022-03-02 00:37:15,494] {dag.py:2398} INFO - Sync 1 DAGs
[2022-03-02 00:37:15,511] {logging_mixin.py:109} INFO - [2022-03-02 00:37:15,511] {dag.py:2937} INFO - Setting next_dagrun for daily_fuel_data_ingestion to 2022-03-03 00:00:00+00:00
[2022-03-02 00:37:15,525] {processor.py:171} INFO - Processing /opt/airflow/dags/ingest_daily_fuel_data_dag.py took 1.167 seconds
[2022-03-02 00:37:45,609] {processor.py:163} INFO - Started process (PID=147) to work on /opt/airflow/dags/ingest_daily_fuel_data_dag.py
[2022-03-02 00:37:45,610] {processor.py:642} INFO - Processing file /opt/airflow/dags/ingest_daily_fuel_data_dag.py for tasks to queue
[2022-03-02 00:37:45,611] {logging_mixin.py:109} INFO - [2022-03-02 00:37:45,611] {dagbag.py:500} INFO - Filling up the DagBag from /opt/airflow/dags/ingest_daily_fuel_data_dag.py
[2022-03-02 00:37:46,386] {processor.py:654} INFO - DAG(s) dict_keys(['daily_fuel_data_ingestion']) retrieved from /opt/airflow/dags/ingest_daily_fuel_data_dag.py
[2022-03-02 00:37:46,589] {logging_mixin.py:109} INFO - [2022-03-02 00:37:46,589] {dag.py:2398} INFO - Sync 1 DAGs
[2022-03-02 00:37:46,608] {logging_mixin.py:109} INFO - [2022-03-02 00:37:46,608] {dag.py:2937} INFO - Setting next_dagrun for daily_fuel_data_ingestion to 2022-03-03 00:00:00+00:00
[2022-03-02 00:37:46,621] {processor.py:171} INFO - Processing /opt/airflow/dags/ingest_daily_fuel_data_dag.py took 1.016 seconds
[2022-03-02 00:38:16,743] {processor.py:163} INFO - Started process (PID=176) to work on /opt/airflow/dags/ingest_daily_fuel_data_dag.py
[2022-03-02 00:38:16,745] {processor.py:642} INFO - Processing file /opt/airflow/dags/ingest_daily_fuel_data_dag.py for tasks to queue
[2022-03-02 00:38:16,746] {logging_mixin.py:109} INFO - [2022-03-02 00:38:16,745] {dagbag.py:500} INFO - Filling up the DagBag from /opt/airflow/dags/ingest_daily_fuel_data_dag.py
[2022-03-02 00:38:17,582] {processor.py:654} INFO - DAG(s) dict_keys(['daily_fuel_data_ingestion']) retrieved from /opt/airflow/dags/ingest_daily_fuel_data_dag.py
[2022-03-02 00:38:17,775] {logging_mixin.py:109} INFO - [2022-03-02 00:38:17,775] {dag.py:2398} INFO - Sync 1 DAGs
[2022-03-02 00:38:17,791] {logging_mixin.py:109} INFO - [2022-03-02 00:38:17,791] {dag.py:2937} INFO - Setting next_dagrun for daily_fuel_data_ingestion to 2022-03-03 00:00:00+00:00
[2022-03-02 00:38:17,802] {processor.py:171} INFO - Processing /opt/airflow/dags/ingest_daily_fuel_data_dag.py took 1.064 seconds
[2022-03-02 00:38:47,878] {processor.py:163} INFO - Started process (PID=216) to work on /opt/airflow/dags/ingest_daily_fuel_data_dag.py
[2022-03-02 00:38:47,880] {processor.py:642} INFO - Processing file /opt/airflow/dags/ingest_daily_fuel_data_dag.py for tasks to queue
[2022-03-02 00:38:47,881] {logging_mixin.py:109} INFO - [2022-03-02 00:38:47,880] {dagbag.py:500} INFO - Filling up the DagBag from /opt/airflow/dags/ingest_daily_fuel_data_dag.py
[2022-03-02 00:38:48,655] {processor.py:654} INFO - DAG(s) dict_keys(['daily_fuel_data_ingestion']) retrieved from /opt/airflow/dags/ingest_daily_fuel_data_dag.py
[2022-03-02 00:38:48,857] {logging_mixin.py:109} INFO - [2022-03-02 00:38:48,857] {dag.py:2398} INFO - Sync 1 DAGs
[2022-03-02 00:38:48,875] {logging_mixin.py:109} INFO - [2022-03-02 00:38:48,875] {dag.py:2937} INFO - Setting next_dagrun for daily_fuel_data_ingestion to 2022-03-03 00:00:00+00:00
[2022-03-02 00:38:48,885] {processor.py:171} INFO - Processing /opt/airflow/dags/ingest_daily_fuel_data_dag.py took 1.012 seconds
[2022-03-02 00:39:18,995] {processor.py:163} INFO - Started process (PID=249) to work on /opt/airflow/dags/ingest_daily_fuel_data_dag.py
[2022-03-02 00:39:18,997] {processor.py:642} INFO - Processing file /opt/airflow/dags/ingest_daily_fuel_data_dag.py for tasks to queue
[2022-03-02 00:39:18,997] {logging_mixin.py:109} INFO - [2022-03-02 00:39:18,997] {dagbag.py:500} INFO - Filling up the DagBag from /opt/airflow/dags/ingest_daily_fuel_data_dag.py
[2022-03-02 00:39:19,982] {processor.py:654} INFO - DAG(s) dict_keys(['daily_fuel_data_ingestion']) retrieved from /opt/airflow/dags/ingest_daily_fuel_data_dag.py
[2022-03-02 00:39:20,286] {logging_mixin.py:109} INFO - [2022-03-02 00:39:20,285] {dag.py:2398} INFO - Sync 1 DAGs
[2022-03-02 00:39:20,309] {logging_mixin.py:109} INFO - [2022-03-02 00:39:20,309] {dag.py:2937} INFO - Setting next_dagrun for daily_fuel_data_ingestion to 2022-03-03 00:00:00+00:00
[2022-03-02 00:39:20,322] {processor.py:171} INFO - Processing /opt/airflow/dags/ingest_daily_fuel_data_dag.py took 1.332 seconds
[2022-03-02 00:39:50,403] {processor.py:163} INFO - Started process (PID=290) to work on /opt/airflow/dags/ingest_daily_fuel_data_dag.py
[2022-03-02 00:39:50,405] {processor.py:642} INFO - Processing file /opt/airflow/dags/ingest_daily_fuel_data_dag.py for tasks to queue
[2022-03-02 00:39:50,406] {logging_mixin.py:109} INFO - [2022-03-02 00:39:50,406] {dagbag.py:500} INFO - Filling up the DagBag from /opt/airflow/dags/ingest_daily_fuel_data_dag.py
[2022-03-02 00:39:51,201] {processor.py:654} INFO - DAG(s) dict_keys(['daily_fuel_data_ingestion']) retrieved from /opt/airflow/dags/ingest_daily_fuel_data_dag.py
[2022-03-02 00:39:51,400] {logging_mixin.py:109} INFO - [2022-03-02 00:39:51,399] {dag.py:2398} INFO - Sync 1 DAGs
[2022-03-02 00:39:51,416] {logging_mixin.py:109} INFO - [2022-03-02 00:39:51,416] {dag.py:2937} INFO - Setting next_dagrun for daily_fuel_data_ingestion to 2022-03-03 00:00:00+00:00
[2022-03-02 00:39:51,428] {processor.py:171} INFO - Processing /opt/airflow/dags/ingest_daily_fuel_data_dag.py took 1.029 seconds
[2022-03-02 00:40:21,522] {processor.py:163} INFO - Started process (PID=319) to work on /opt/airflow/dags/ingest_daily_fuel_data_dag.py
[2022-03-02 00:40:21,524] {processor.py:642} INFO - Processing file /opt/airflow/dags/ingest_daily_fuel_data_dag.py for tasks to queue
[2022-03-02 00:40:21,524] {logging_mixin.py:109} INFO - [2022-03-02 00:40:21,524] {dagbag.py:500} INFO - Filling up the DagBag from /opt/airflow/dags/ingest_daily_fuel_data_dag.py
[2022-03-02 00:40:22,346] {processor.py:654} INFO - DAG(s) dict_keys(['daily_fuel_data_ingestion']) retrieved from /opt/airflow/dags/ingest_daily_fuel_data_dag.py
[2022-03-02 00:40:22,547] {logging_mixin.py:109} INFO - [2022-03-02 00:40:22,547] {dag.py:2398} INFO - Sync 1 DAGs
[2022-03-02 00:40:22,561] {logging_mixin.py:109} INFO - [2022-03-02 00:40:22,561] {dag.py:2937} INFO - Setting next_dagrun for daily_fuel_data_ingestion to 2022-03-03 00:00:00+00:00
[2022-03-02 00:40:22,571] {processor.py:171} INFO - Processing /opt/airflow/dags/ingest_daily_fuel_data_dag.py took 1.054 seconds
[2022-03-02 00:40:52,605] {processor.py:163} INFO - Started process (PID=358) to work on /opt/airflow/dags/ingest_daily_fuel_data_dag.py
[2022-03-02 00:40:52,607] {processor.py:642} INFO - Processing file /opt/airflow/dags/ingest_daily_fuel_data_dag.py for tasks to queue
[2022-03-02 00:40:52,607] {logging_mixin.py:109} INFO - [2022-03-02 00:40:52,607] {dagbag.py:500} INFO - Filling up the DagBag from /opt/airflow/dags/ingest_daily_fuel_data_dag.py
[2022-03-02 00:40:53,465] {processor.py:654} INFO - DAG(s) dict_keys(['daily_fuel_data_ingestion']) retrieved from /opt/airflow/dags/ingest_daily_fuel_data_dag.py
[2022-03-02 00:40:53,691] {logging_mixin.py:109} INFO - [2022-03-02 00:40:53,691] {dag.py:2398} INFO - Sync 1 DAGs
[2022-03-02 00:40:53,706] {logging_mixin.py:109} INFO - [2022-03-02 00:40:53,705] {dag.py:2937} INFO - Setting next_dagrun for daily_fuel_data_ingestion to 2022-03-03 00:00:00+00:00
[2022-03-02 00:40:53,716] {processor.py:171} INFO - Processing /opt/airflow/dags/ingest_daily_fuel_data_dag.py took 1.116 seconds
[2022-03-02 00:41:23,794] {processor.py:163} INFO - Started process (PID=386) to work on /opt/airflow/dags/ingest_daily_fuel_data_dag.py
[2022-03-02 00:41:23,797] {processor.py:642} INFO - Processing file /opt/airflow/dags/ingest_daily_fuel_data_dag.py for tasks to queue
[2022-03-02 00:41:23,797] {logging_mixin.py:109} INFO - [2022-03-02 00:41:23,797] {dagbag.py:500} INFO - Filling up the DagBag from /opt/airflow/dags/ingest_daily_fuel_data_dag.py
[2022-03-02 00:41:24,625] {processor.py:654} INFO - DAG(s) dict_keys(['daily_fuel_data_ingestion']) retrieved from /opt/airflow/dags/ingest_daily_fuel_data_dag.py
[2022-03-02 00:41:24,828] {logging_mixin.py:109} INFO - [2022-03-02 00:41:24,828] {dag.py:2398} INFO - Sync 1 DAGs
[2022-03-02 00:41:24,843] {logging_mixin.py:109} INFO - [2022-03-02 00:41:24,843] {dag.py:2937} INFO - Setting next_dagrun for daily_fuel_data_ingestion to 2022-03-03 00:00:00+00:00
[2022-03-02 00:41:24,853] {processor.py:171} INFO - Processing /opt/airflow/dags/ingest_daily_fuel_data_dag.py took 1.063 seconds
[2022-03-02 00:41:54,928] {processor.py:163} INFO - Started process (PID=424) to work on /opt/airflow/dags/ingest_daily_fuel_data_dag.py
[2022-03-02 00:41:54,930] {processor.py:642} INFO - Processing file /opt/airflow/dags/ingest_daily_fuel_data_dag.py for tasks to queue
[2022-03-02 00:41:54,931] {logging_mixin.py:109} INFO - [2022-03-02 00:41:54,931] {dagbag.py:500} INFO - Filling up the DagBag from /opt/airflow/dags/ingest_daily_fuel_data_dag.py
[2022-03-02 00:41:55,706] {processor.py:654} INFO - DAG(s) dict_keys(['daily_fuel_data_ingestion']) retrieved from /opt/airflow/dags/ingest_daily_fuel_data_dag.py
[2022-03-02 00:41:55,928] {logging_mixin.py:109} INFO - [2022-03-02 00:41:55,928] {dag.py:2398} INFO - Sync 1 DAGs
[2022-03-02 00:41:55,943] {logging_mixin.py:109} INFO - [2022-03-02 00:41:55,943] {dag.py:2937} INFO - Setting next_dagrun for daily_fuel_data_ingestion to 2022-03-03 00:00:00+00:00
[2022-03-02 00:41:55,954] {processor.py:171} INFO - Processing /opt/airflow/dags/ingest_daily_fuel_data_dag.py took 1.030 seconds
[2022-03-02 00:42:26,045] {processor.py:163} INFO - Started process (PID=455) to work on /opt/airflow/dags/ingest_daily_fuel_data_dag.py
[2022-03-02 00:42:26,047] {processor.py:642} INFO - Processing file /opt/airflow/dags/ingest_daily_fuel_data_dag.py for tasks to queue
[2022-03-02 00:42:26,048] {logging_mixin.py:109} INFO - [2022-03-02 00:42:26,048] {dagbag.py:500} INFO - Filling up the DagBag from /opt/airflow/dags/ingest_daily_fuel_data_dag.py
[2022-03-02 00:42:26,879] {processor.py:654} INFO - DAG(s) dict_keys(['daily_fuel_data_ingestion']) retrieved from /opt/airflow/dags/ingest_daily_fuel_data_dag.py
[2022-03-02 00:42:27,078] {logging_mixin.py:109} INFO - [2022-03-02 00:42:27,077] {dag.py:2398} INFO - Sync 1 DAGs
[2022-03-02 00:42:27,093] {logging_mixin.py:109} INFO - [2022-03-02 00:42:27,092] {dag.py:2937} INFO - Setting next_dagrun for daily_fuel_data_ingestion to 2022-03-03 00:00:00+00:00
[2022-03-02 00:42:27,104] {processor.py:171} INFO - Processing /opt/airflow/dags/ingest_daily_fuel_data_dag.py took 1.063 seconds
[2022-03-02 00:42:57,181] {processor.py:163} INFO - Started process (PID=495) to work on /opt/airflow/dags/ingest_daily_fuel_data_dag.py
[2022-03-02 00:42:57,183] {processor.py:642} INFO - Processing file /opt/airflow/dags/ingest_daily_fuel_data_dag.py for tasks to queue
[2022-03-02 00:42:57,184] {logging_mixin.py:109} INFO - [2022-03-02 00:42:57,183] {dagbag.py:500} INFO - Filling up the DagBag from /opt/airflow/dags/ingest_daily_fuel_data_dag.py
[2022-03-02 00:42:58,032] {processor.py:654} INFO - DAG(s) dict_keys(['daily_fuel_data_ingestion']) retrieved from /opt/airflow/dags/ingest_daily_fuel_data_dag.py
[2022-03-02 00:42:58,236] {logging_mixin.py:109} INFO - [2022-03-02 00:42:58,235] {dag.py:2398} INFO - Sync 1 DAGs
[2022-03-02 00:42:58,250] {logging_mixin.py:109} INFO - [2022-03-02 00:42:58,250] {dag.py:2937} INFO - Setting next_dagrun for daily_fuel_data_ingestion to 2022-03-03 00:00:00+00:00
[2022-03-02 00:42:58,260] {processor.py:171} INFO - Processing /opt/airflow/dags/ingest_daily_fuel_data_dag.py took 1.083 seconds
[2022-03-02 00:43:28,354] {processor.py:163} INFO - Started process (PID=523) to work on /opt/airflow/dags/ingest_daily_fuel_data_dag.py
[2022-03-02 00:43:28,356] {processor.py:642} INFO - Processing file /opt/airflow/dags/ingest_daily_fuel_data_dag.py for tasks to queue
[2022-03-02 00:43:28,356] {logging_mixin.py:109} INFO - [2022-03-02 00:43:28,356] {dagbag.py:500} INFO - Filling up the DagBag from /opt/airflow/dags/ingest_daily_fuel_data_dag.py
[2022-03-02 00:43:29,199] {processor.py:654} INFO - DAG(s) dict_keys(['daily_fuel_data_ingestion']) retrieved from /opt/airflow/dags/ingest_daily_fuel_data_dag.py
[2022-03-02 00:43:29,399] {logging_mixin.py:109} INFO - [2022-03-02 00:43:29,398] {dag.py:2398} INFO - Sync 1 DAGs
[2022-03-02 00:43:29,414] {logging_mixin.py:109} INFO - [2022-03-02 00:43:29,414] {dag.py:2937} INFO - Setting next_dagrun for daily_fuel_data_ingestion to 2022-03-03 00:00:00+00:00
[2022-03-02 00:43:29,424] {processor.py:171} INFO - Processing /opt/airflow/dags/ingest_daily_fuel_data_dag.py took 1.074 seconds
[2022-03-02 00:43:59,501] {processor.py:163} INFO - Started process (PID=563) to work on /opt/airflow/dags/ingest_daily_fuel_data_dag.py
[2022-03-02 00:43:59,503] {processor.py:642} INFO - Processing file /opt/airflow/dags/ingest_daily_fuel_data_dag.py for tasks to queue
[2022-03-02 00:43:59,504] {logging_mixin.py:109} INFO - [2022-03-02 00:43:59,504] {dagbag.py:500} INFO - Filling up the DagBag from /opt/airflow/dags/ingest_daily_fuel_data_dag.py
[2022-03-02 00:44:00,326] {processor.py:654} INFO - DAG(s) dict_keys(['daily_fuel_data_ingestion']) retrieved from /opt/airflow/dags/ingest_daily_fuel_data_dag.py
[2022-03-02 00:44:00,527] {logging_mixin.py:109} INFO - [2022-03-02 00:44:00,526] {dag.py:2398} INFO - Sync 1 DAGs
[2022-03-02 00:44:00,542] {logging_mixin.py:109} INFO - [2022-03-02 00:44:00,541] {dag.py:2937} INFO - Setting next_dagrun for daily_fuel_data_ingestion to 2022-03-03 00:00:00+00:00
[2022-03-02 00:44:00,552] {processor.py:171} INFO - Processing /opt/airflow/dags/ingest_daily_fuel_data_dag.py took 1.056 seconds
[2022-03-02 00:44:30,633] {processor.py:163} INFO - Started process (PID=593) to work on /opt/airflow/dags/ingest_daily_fuel_data_dag.py
[2022-03-02 00:44:30,635] {processor.py:642} INFO - Processing file /opt/airflow/dags/ingest_daily_fuel_data_dag.py for tasks to queue
[2022-03-02 00:44:30,636] {logging_mixin.py:109} INFO - [2022-03-02 00:44:30,635] {dagbag.py:500} INFO - Filling up the DagBag from /opt/airflow/dags/ingest_daily_fuel_data_dag.py
[2022-03-02 00:44:31,438] {processor.py:654} INFO - DAG(s) dict_keys(['daily_fuel_data_ingestion']) retrieved from /opt/airflow/dags/ingest_daily_fuel_data_dag.py
[2022-03-02 00:44:31,637] {logging_mixin.py:109} INFO - [2022-03-02 00:44:31,636] {dag.py:2398} INFO - Sync 1 DAGs
[2022-03-02 00:44:31,651] {logging_mixin.py:109} INFO - [2022-03-02 00:44:31,651] {dag.py:2937} INFO - Setting next_dagrun for daily_fuel_data_ingestion to 2022-03-03 00:00:00+00:00
[2022-03-02 00:44:31,662] {processor.py:171} INFO - Processing /opt/airflow/dags/ingest_daily_fuel_data_dag.py took 1.033 seconds
[2022-03-02 00:45:01,787] {processor.py:163} INFO - Started process (PID=637) to work on /opt/airflow/dags/ingest_daily_fuel_data_dag.py
[2022-03-02 00:45:01,790] {processor.py:642} INFO - Processing file /opt/airflow/dags/ingest_daily_fuel_data_dag.py for tasks to queue
[2022-03-02 00:45:01,791] {logging_mixin.py:109} INFO - [2022-03-02 00:45:01,791] {dagbag.py:500} INFO - Filling up the DagBag from /opt/airflow/dags/ingest_daily_fuel_data_dag.py
[2022-03-02 00:45:03,047] {processor.py:654} INFO - DAG(s) dict_keys(['daily_fuel_data_ingestion']) retrieved from /opt/airflow/dags/ingest_daily_fuel_data_dag.py
[2022-03-02 00:45:03,367] {logging_mixin.py:109} INFO - [2022-03-02 00:45:03,366] {dag.py:2398} INFO - Sync 1 DAGs
[2022-03-02 00:45:03,391] {logging_mixin.py:109} INFO - [2022-03-02 00:45:03,391] {dag.py:2937} INFO - Setting next_dagrun for daily_fuel_data_ingestion to 2022-03-03 00:00:00+00:00
[2022-03-02 00:45:03,405] {processor.py:171} INFO - Processing /opt/airflow/dags/ingest_daily_fuel_data_dag.py took 1.642 seconds
[2022-03-02 00:45:33,485] {processor.py:163} INFO - Started process (PID=666) to work on /opt/airflow/dags/ingest_daily_fuel_data_dag.py
[2022-03-02 00:45:33,487] {processor.py:642} INFO - Processing file /opt/airflow/dags/ingest_daily_fuel_data_dag.py for tasks to queue
[2022-03-02 00:45:33,488] {logging_mixin.py:109} INFO - [2022-03-02 00:45:33,488] {dagbag.py:500} INFO - Filling up the DagBag from /opt/airflow/dags/ingest_daily_fuel_data_dag.py
[2022-03-02 00:45:34,281] {processor.py:654} INFO - DAG(s) dict_keys(['daily_fuel_data_ingestion']) retrieved from /opt/airflow/dags/ingest_daily_fuel_data_dag.py
[2022-03-02 00:45:34,475] {logging_mixin.py:109} INFO - [2022-03-02 00:45:34,475] {dag.py:2398} INFO - Sync 1 DAGs
[2022-03-02 00:45:34,490] {logging_mixin.py:109} INFO - [2022-03-02 00:45:34,490] {dag.py:2937} INFO - Setting next_dagrun for daily_fuel_data_ingestion to 2022-03-03 00:00:00+00:00
[2022-03-02 00:45:34,501] {processor.py:171} INFO - Processing /opt/airflow/dags/ingest_daily_fuel_data_dag.py took 1.020 seconds
[2022-03-02 00:46:04,608] {processor.py:163} INFO - Started process (PID=702) to work on /opt/airflow/dags/ingest_daily_fuel_data_dag.py
[2022-03-02 00:46:04,610] {processor.py:642} INFO - Processing file /opt/airflow/dags/ingest_daily_fuel_data_dag.py for tasks to queue
[2022-03-02 00:46:04,611] {logging_mixin.py:109} INFO - [2022-03-02 00:46:04,611] {dagbag.py:500} INFO - Filling up the DagBag from /opt/airflow/dags/ingest_daily_fuel_data_dag.py
[2022-03-02 00:46:05,444] {processor.py:654} INFO - DAG(s) dict_keys(['daily_fuel_data_ingestion']) retrieved from /opt/airflow/dags/ingest_daily_fuel_data_dag.py
[2022-03-02 00:46:05,656] {logging_mixin.py:109} INFO - [2022-03-02 00:46:05,655] {dag.py:2398} INFO - Sync 1 DAGs
[2022-03-02 00:46:05,679] {logging_mixin.py:109} INFO - [2022-03-02 00:46:05,679] {dag.py:2937} INFO - Setting next_dagrun for daily_fuel_data_ingestion to 2022-03-03 00:00:00+00:00
[2022-03-02 00:46:05,692] {processor.py:171} INFO - Processing /opt/airflow/dags/ingest_daily_fuel_data_dag.py took 1.089 seconds
[2022-03-02 00:46:35,788] {processor.py:163} INFO - Started process (PID=734) to work on /opt/airflow/dags/ingest_daily_fuel_data_dag.py
[2022-03-02 00:46:35,789] {processor.py:642} INFO - Processing file /opt/airflow/dags/ingest_daily_fuel_data_dag.py for tasks to queue
[2022-03-02 00:46:35,790] {logging_mixin.py:109} INFO - [2022-03-02 00:46:35,790] {dagbag.py:500} INFO - Filling up the DagBag from /opt/airflow/dags/ingest_daily_fuel_data_dag.py
[2022-03-02 00:46:36,583] {processor.py:654} INFO - DAG(s) dict_keys(['daily_fuel_data_ingestion']) retrieved from /opt/airflow/dags/ingest_daily_fuel_data_dag.py
[2022-03-02 00:46:36,781] {logging_mixin.py:109} INFO - [2022-03-02 00:46:36,781] {dag.py:2398} INFO - Sync 1 DAGs
[2022-03-02 00:46:36,796] {logging_mixin.py:109} INFO - [2022-03-02 00:46:36,796] {dag.py:2937} INFO - Setting next_dagrun for daily_fuel_data_ingestion to 2022-03-03 00:00:00+00:00
[2022-03-02 00:46:36,807] {processor.py:171} INFO - Processing /opt/airflow/dags/ingest_daily_fuel_data_dag.py took 1.024 seconds
[2022-03-02 00:47:06,900] {processor.py:163} INFO - Started process (PID=762) to work on /opt/airflow/dags/ingest_daily_fuel_data_dag.py
[2022-03-02 00:47:06,902] {processor.py:642} INFO - Processing file /opt/airflow/dags/ingest_daily_fuel_data_dag.py for tasks to queue
[2022-03-02 00:47:06,903] {logging_mixin.py:109} INFO - [2022-03-02 00:47:06,903] {dagbag.py:500} INFO - Filling up the DagBag from /opt/airflow/dags/ingest_daily_fuel_data_dag.py
[2022-03-02 00:47:07,753] {processor.py:654} INFO - DAG(s) dict_keys(['daily_fuel_data_ingestion']) retrieved from /opt/airflow/dags/ingest_daily_fuel_data_dag.py
[2022-03-02 00:47:07,983] {logging_mixin.py:109} INFO - [2022-03-02 00:47:07,982] {dag.py:2398} INFO - Sync 1 DAGs
[2022-03-02 00:47:07,998] {logging_mixin.py:109} INFO - [2022-03-02 00:47:07,997] {dag.py:2937} INFO - Setting next_dagrun for daily_fuel_data_ingestion to 2022-03-03 00:00:00+00:00
[2022-03-02 00:47:08,009] {processor.py:171} INFO - Processing /opt/airflow/dags/ingest_daily_fuel_data_dag.py took 1.113 seconds
[2022-03-02 00:47:38,087] {processor.py:163} INFO - Started process (PID=801) to work on /opt/airflow/dags/ingest_daily_fuel_data_dag.py
[2022-03-02 00:47:38,089] {processor.py:642} INFO - Processing file /opt/airflow/dags/ingest_daily_fuel_data_dag.py for tasks to queue
[2022-03-02 00:47:38,090] {logging_mixin.py:109} INFO - [2022-03-02 00:47:38,090] {dagbag.py:500} INFO - Filling up the DagBag from /opt/airflow/dags/ingest_daily_fuel_data_dag.py
[2022-03-02 00:47:38,919] {processor.py:654} INFO - DAG(s) dict_keys(['daily_fuel_data_ingestion']) retrieved from /opt/airflow/dags/ingest_daily_fuel_data_dag.py
[2022-03-02 00:47:39,123] {logging_mixin.py:109} INFO - [2022-03-02 00:47:39,123] {dag.py:2398} INFO - Sync 1 DAGs
[2022-03-02 00:47:39,140] {logging_mixin.py:109} INFO - [2022-03-02 00:47:39,140] {dag.py:2937} INFO - Setting next_dagrun for daily_fuel_data_ingestion to 2022-03-03 00:00:00+00:00
[2022-03-02 00:47:39,150] {processor.py:171} INFO - Processing /opt/airflow/dags/ingest_daily_fuel_data_dag.py took 1.067 seconds
[2022-03-02 00:48:09,228] {processor.py:163} INFO - Started process (PID=832) to work on /opt/airflow/dags/ingest_daily_fuel_data_dag.py
[2022-03-02 00:48:09,230] {processor.py:642} INFO - Processing file /opt/airflow/dags/ingest_daily_fuel_data_dag.py for tasks to queue
[2022-03-02 00:48:09,231] {logging_mixin.py:109} INFO - [2022-03-02 00:48:09,231] {dagbag.py:500} INFO - Filling up the DagBag from /opt/airflow/dags/ingest_daily_fuel_data_dag.py
[2022-03-02 00:48:10,064] {processor.py:654} INFO - DAG(s) dict_keys(['daily_fuel_data_ingestion']) retrieved from /opt/airflow/dags/ingest_daily_fuel_data_dag.py
[2022-03-02 00:48:10,307] {logging_mixin.py:109} INFO - [2022-03-02 00:48:10,307] {dag.py:2398} INFO - Sync 1 DAGs
[2022-03-02 00:48:10,322] {logging_mixin.py:109} INFO - [2022-03-02 00:48:10,322] {dag.py:2937} INFO - Setting next_dagrun for daily_fuel_data_ingestion to 2022-03-03 00:00:00+00:00
[2022-03-02 00:48:10,333] {processor.py:171} INFO - Processing /opt/airflow/dags/ingest_daily_fuel_data_dag.py took 1.109 seconds
[2022-03-02 00:48:40,428] {processor.py:163} INFO - Started process (PID=872) to work on /opt/airflow/dags/ingest_daily_fuel_data_dag.py
[2022-03-02 00:48:40,430] {processor.py:642} INFO - Processing file /opt/airflow/dags/ingest_daily_fuel_data_dag.py for tasks to queue
[2022-03-02 00:48:40,431] {logging_mixin.py:109} INFO - [2022-03-02 00:48:40,431] {dagbag.py:500} INFO - Filling up the DagBag from /opt/airflow/dags/ingest_daily_fuel_data_dag.py
[2022-03-02 00:48:41,232] {processor.py:654} INFO - DAG(s) dict_keys(['daily_fuel_data_ingestion']) retrieved from /opt/airflow/dags/ingest_daily_fuel_data_dag.py
[2022-03-02 00:48:41,435] {logging_mixin.py:109} INFO - [2022-03-02 00:48:41,435] {dag.py:2398} INFO - Sync 1 DAGs
[2022-03-02 00:48:41,456] {logging_mixin.py:109} INFO - [2022-03-02 00:48:41,456] {dag.py:2937} INFO - Setting next_dagrun for daily_fuel_data_ingestion to 2022-03-03 00:00:00+00:00
[2022-03-02 00:48:41,469] {processor.py:171} INFO - Processing /opt/airflow/dags/ingest_daily_fuel_data_dag.py took 1.047 seconds
[2022-03-02 00:49:11,571] {processor.py:163} INFO - Started process (PID=901) to work on /opt/airflow/dags/ingest_daily_fuel_data_dag.py
[2022-03-02 00:49:11,573] {processor.py:642} INFO - Processing file /opt/airflow/dags/ingest_daily_fuel_data_dag.py for tasks to queue
[2022-03-02 00:49:11,575] {logging_mixin.py:109} INFO - [2022-03-02 00:49:11,574] {dagbag.py:500} INFO - Filling up the DagBag from /opt/airflow/dags/ingest_daily_fuel_data_dag.py
[2022-03-02 00:49:12,729] {processor.py:654} INFO - DAG(s) dict_keys(['daily_fuel_data_ingestion']) retrieved from /opt/airflow/dags/ingest_daily_fuel_data_dag.py
[2022-03-02 00:49:12,980] {logging_mixin.py:109} INFO - [2022-03-02 00:49:12,980] {dag.py:2398} INFO - Sync 1 DAGs
[2022-03-02 00:49:12,997] {logging_mixin.py:109} INFO - [2022-03-02 00:49:12,997] {dag.py:2937} INFO - Setting next_dagrun for daily_fuel_data_ingestion to 2022-03-03 00:00:00+00:00
[2022-03-02 00:49:13,008] {processor.py:171} INFO - Processing /opt/airflow/dags/ingest_daily_fuel_data_dag.py took 1.460 seconds
[2022-03-02 00:49:43,089] {processor.py:163} INFO - Started process (PID=942) to work on /opt/airflow/dags/ingest_daily_fuel_data_dag.py
[2022-03-02 00:49:43,091] {processor.py:642} INFO - Processing file /opt/airflow/dags/ingest_daily_fuel_data_dag.py for tasks to queue
[2022-03-02 00:49:43,092] {logging_mixin.py:109} INFO - [2022-03-02 00:49:43,092] {dagbag.py:500} INFO - Filling up the DagBag from /opt/airflow/dags/ingest_daily_fuel_data_dag.py
[2022-03-02 00:49:43,871] {processor.py:654} INFO - DAG(s) dict_keys(['daily_fuel_data_ingestion']) retrieved from /opt/airflow/dags/ingest_daily_fuel_data_dag.py
[2022-03-02 00:49:44,071] {logging_mixin.py:109} INFO - [2022-03-02 00:49:44,071] {dag.py:2398} INFO - Sync 1 DAGs
[2022-03-02 00:49:44,087] {logging_mixin.py:109} INFO - [2022-03-02 00:49:44,086] {dag.py:2937} INFO - Setting next_dagrun for daily_fuel_data_ingestion to 2022-03-03 00:00:00+00:00
[2022-03-02 00:49:44,097] {processor.py:171} INFO - Processing /opt/airflow/dags/ingest_daily_fuel_data_dag.py took 1.012 seconds
[2022-03-02 00:50:14,146] {processor.py:163} INFO - Started process (PID=975) to work on /opt/airflow/dags/ingest_daily_fuel_data_dag.py
[2022-03-02 00:50:14,148] {processor.py:642} INFO - Processing file /opt/airflow/dags/ingest_daily_fuel_data_dag.py for tasks to queue
[2022-03-02 00:50:14,148] {logging_mixin.py:109} INFO - [2022-03-02 00:50:14,148] {dagbag.py:500} INFO - Filling up the DagBag from /opt/airflow/dags/ingest_daily_fuel_data_dag.py
[2022-03-02 00:50:14,994] {processor.py:654} INFO - DAG(s) dict_keys(['daily_fuel_data_ingestion']) retrieved from /opt/airflow/dags/ingest_daily_fuel_data_dag.py
[2022-03-02 00:50:15,197] {logging_mixin.py:109} INFO - [2022-03-02 00:50:15,197] {dag.py:2398} INFO - Sync 1 DAGs
[2022-03-02 00:50:15,214] {logging_mixin.py:109} INFO - [2022-03-02 00:50:15,214] {dag.py:2937} INFO - Setting next_dagrun for daily_fuel_data_ingestion to 2022-03-03 00:00:00+00:00
[2022-03-02 00:50:15,228] {processor.py:171} INFO - Processing /opt/airflow/dags/ingest_daily_fuel_data_dag.py took 1.086 seconds
[2022-03-02 00:50:45,317] {processor.py:163} INFO - Started process (PID=1012) to work on /opt/airflow/dags/ingest_daily_fuel_data_dag.py
[2022-03-02 00:50:45,320] {processor.py:642} INFO - Processing file /opt/airflow/dags/ingest_daily_fuel_data_dag.py for tasks to queue
[2022-03-02 00:50:45,320] {logging_mixin.py:109} INFO - [2022-03-02 00:50:45,320] {dagbag.py:500} INFO - Filling up the DagBag from /opt/airflow/dags/ingest_daily_fuel_data_dag.py
[2022-03-02 00:50:46,172] {processor.py:654} INFO - DAG(s) dict_keys(['daily_fuel_data_ingestion']) retrieved from /opt/airflow/dags/ingest_daily_fuel_data_dag.py
[2022-03-02 00:50:46,377] {logging_mixin.py:109} INFO - [2022-03-02 00:50:46,376] {dag.py:2398} INFO - Sync 1 DAGs
[2022-03-02 00:50:46,391] {logging_mixin.py:109} INFO - [2022-03-02 00:50:46,391] {dag.py:2937} INFO - Setting next_dagrun for daily_fuel_data_ingestion to 2022-03-03 00:00:00+00:00
[2022-03-02 00:50:46,402] {processor.py:171} INFO - Processing /opt/airflow/dags/ingest_daily_fuel_data_dag.py took 1.089 seconds
[2022-03-02 00:51:16,477] {processor.py:163} INFO - Started process (PID=1042) to work on /opt/airflow/dags/ingest_daily_fuel_data_dag.py
[2022-03-02 00:51:16,479] {processor.py:642} INFO - Processing file /opt/airflow/dags/ingest_daily_fuel_data_dag.py for tasks to queue
[2022-03-02 00:51:16,479] {logging_mixin.py:109} INFO - [2022-03-02 00:51:16,479] {dagbag.py:500} INFO - Filling up the DagBag from /opt/airflow/dags/ingest_daily_fuel_data_dag.py
[2022-03-02 00:51:17,293] {processor.py:654} INFO - DAG(s) dict_keys(['daily_fuel_data_ingestion']) retrieved from /opt/airflow/dags/ingest_daily_fuel_data_dag.py
[2022-03-02 00:51:17,491] {logging_mixin.py:109} INFO - [2022-03-02 00:51:17,491] {dag.py:2398} INFO - Sync 1 DAGs
[2022-03-02 00:51:17,506] {logging_mixin.py:109} INFO - [2022-03-02 00:51:17,505] {dag.py:2937} INFO - Setting next_dagrun for daily_fuel_data_ingestion to 2022-03-03 00:00:00+00:00
[2022-03-02 00:51:17,516] {processor.py:171} INFO - Processing /opt/airflow/dags/ingest_daily_fuel_data_dag.py took 1.043 seconds
[2022-03-02 00:51:47,595] {processor.py:163} INFO - Started process (PID=1081) to work on /opt/airflow/dags/ingest_daily_fuel_data_dag.py
[2022-03-02 00:51:47,597] {processor.py:642} INFO - Processing file /opt/airflow/dags/ingest_daily_fuel_data_dag.py for tasks to queue
[2022-03-02 00:51:47,598] {logging_mixin.py:109} INFO - [2022-03-02 00:51:47,598] {dagbag.py:500} INFO - Filling up the DagBag from /opt/airflow/dags/ingest_daily_fuel_data_dag.py
[2022-03-02 00:51:48,440] {processor.py:654} INFO - DAG(s) dict_keys(['daily_fuel_data_ingestion']) retrieved from /opt/airflow/dags/ingest_daily_fuel_data_dag.py
[2022-03-02 00:51:48,657] {logging_mixin.py:109} INFO - [2022-03-02 00:51:48,656] {dag.py:2398} INFO - Sync 1 DAGs
[2022-03-02 00:51:48,671] {logging_mixin.py:109} INFO - [2022-03-02 00:51:48,671] {dag.py:2937} INFO - Setting next_dagrun for daily_fuel_data_ingestion to 2022-03-03 00:00:00+00:00
[2022-03-02 00:51:48,682] {processor.py:171} INFO - Processing /opt/airflow/dags/ingest_daily_fuel_data_dag.py took 1.091 seconds
[2022-03-02 00:52:18,760] {processor.py:163} INFO - Started process (PID=1110) to work on /opt/airflow/dags/ingest_daily_fuel_data_dag.py
[2022-03-02 00:52:18,761] {processor.py:642} INFO - Processing file /opt/airflow/dags/ingest_daily_fuel_data_dag.py for tasks to queue
[2022-03-02 00:52:18,762] {logging_mixin.py:109} INFO - [2022-03-02 00:52:18,762] {dagbag.py:500} INFO - Filling up the DagBag from /opt/airflow/dags/ingest_daily_fuel_data_dag.py
[2022-03-02 00:52:19,595] {processor.py:654} INFO - DAG(s) dict_keys(['daily_fuel_data_ingestion']) retrieved from /opt/airflow/dags/ingest_daily_fuel_data_dag.py
[2022-03-02 00:52:19,799] {logging_mixin.py:109} INFO - [2022-03-02 00:52:19,799] {dag.py:2398} INFO - Sync 1 DAGs
[2022-03-02 00:52:19,819] {logging_mixin.py:109} INFO - [2022-03-02 00:52:19,819] {dag.py:2937} INFO - Setting next_dagrun for daily_fuel_data_ingestion to 2022-03-03 00:00:00+00:00
[2022-03-02 00:52:19,832] {processor.py:171} INFO - Processing /opt/airflow/dags/ingest_daily_fuel_data_dag.py took 1.077 seconds
[2022-03-02 00:52:49,908] {processor.py:163} INFO - Started process (PID=1150) to work on /opt/airflow/dags/ingest_daily_fuel_data_dag.py
[2022-03-02 00:52:49,909] {processor.py:642} INFO - Processing file /opt/airflow/dags/ingest_daily_fuel_data_dag.py for tasks to queue
[2022-03-02 00:52:49,910] {logging_mixin.py:109} INFO - [2022-03-02 00:52:49,910] {dagbag.py:500} INFO - Filling up the DagBag from /opt/airflow/dags/ingest_daily_fuel_data_dag.py
[2022-03-02 00:52:50,738] {processor.py:654} INFO - DAG(s) dict_keys(['daily_fuel_data_ingestion']) retrieved from /opt/airflow/dags/ingest_daily_fuel_data_dag.py
[2022-03-02 00:52:50,932] {logging_mixin.py:109} INFO - [2022-03-02 00:52:50,931] {dag.py:2398} INFO - Sync 1 DAGs
[2022-03-02 00:52:50,947] {logging_mixin.py:109} INFO - [2022-03-02 00:52:50,947] {dag.py:2937} INFO - Setting next_dagrun for daily_fuel_data_ingestion to 2022-03-03 00:00:00+00:00
[2022-03-02 00:52:50,957] {processor.py:171} INFO - Processing /opt/airflow/dags/ingest_daily_fuel_data_dag.py took 1.053 seconds
[2022-03-02 00:53:21,028] {processor.py:163} INFO - Started process (PID=1178) to work on /opt/airflow/dags/ingest_daily_fuel_data_dag.py
[2022-03-02 00:53:21,030] {processor.py:642} INFO - Processing file /opt/airflow/dags/ingest_daily_fuel_data_dag.py for tasks to queue
[2022-03-02 00:53:21,031] {logging_mixin.py:109} INFO - [2022-03-02 00:53:21,031] {dagbag.py:500} INFO - Filling up the DagBag from /opt/airflow/dags/ingest_daily_fuel_data_dag.py
[2022-03-02 00:53:22,004] {processor.py:654} INFO - DAG(s) dict_keys(['daily_fuel_data_ingestion']) retrieved from /opt/airflow/dags/ingest_daily_fuel_data_dag.py
[2022-03-02 00:53:22,246] {logging_mixin.py:109} INFO - [2022-03-02 00:53:22,246] {dag.py:2398} INFO - Sync 1 DAGs
[2022-03-02 00:53:22,261] {logging_mixin.py:109} INFO - [2022-03-02 00:53:22,261] {dag.py:2937} INFO - Setting next_dagrun for daily_fuel_data_ingestion to 2022-03-03 00:00:00+00:00
[2022-03-02 00:53:22,271] {processor.py:171} INFO - Processing /opt/airflow/dags/ingest_daily_fuel_data_dag.py took 1.248 seconds
[2022-03-02 00:53:52,361] {processor.py:163} INFO - Started process (PID=1223) to work on /opt/airflow/dags/ingest_daily_fuel_data_dag.py
[2022-03-02 00:53:52,363] {processor.py:642} INFO - Processing file /opt/airflow/dags/ingest_daily_fuel_data_dag.py for tasks to queue
[2022-03-02 00:53:52,363] {logging_mixin.py:109} INFO - [2022-03-02 00:53:52,363] {dagbag.py:500} INFO - Filling up the DagBag from /opt/airflow/dags/ingest_daily_fuel_data_dag.py
[2022-03-02 00:53:53,154] {processor.py:654} INFO - DAG(s) dict_keys(['daily_fuel_data_ingestion']) retrieved from /opt/airflow/dags/ingest_daily_fuel_data_dag.py
[2022-03-02 00:53:53,355] {logging_mixin.py:109} INFO - [2022-03-02 00:53:53,354] {dag.py:2398} INFO - Sync 1 DAGs
[2022-03-02 00:53:53,371] {logging_mixin.py:109} INFO - [2022-03-02 00:53:53,371] {dag.py:2937} INFO - Setting next_dagrun for daily_fuel_data_ingestion to 2022-03-03 00:00:00+00:00
[2022-03-02 00:53:53,381] {processor.py:171} INFO - Processing /opt/airflow/dags/ingest_daily_fuel_data_dag.py took 1.025 seconds
[2022-03-02 00:54:23,483] {processor.py:163} INFO - Started process (PID=1253) to work on /opt/airflow/dags/ingest_daily_fuel_data_dag.py
[2022-03-02 00:54:23,485] {processor.py:642} INFO - Processing file /opt/airflow/dags/ingest_daily_fuel_data_dag.py for tasks to queue
[2022-03-02 00:54:23,486] {logging_mixin.py:109} INFO - [2022-03-02 00:54:23,486] {dagbag.py:500} INFO - Filling up the DagBag from /opt/airflow/dags/ingest_daily_fuel_data_dag.py
[2022-03-02 00:54:24,248] {processor.py:654} INFO - DAG(s) dict_keys(['daily_fuel_data_ingestion']) retrieved from /opt/airflow/dags/ingest_daily_fuel_data_dag.py
[2022-03-02 00:54:24,444] {logging_mixin.py:109} INFO - [2022-03-02 00:54:24,443] {dag.py:2398} INFO - Sync 1 DAGs
[2022-03-02 00:54:24,460] {logging_mixin.py:109} INFO - [2022-03-02 00:54:24,460] {dag.py:2937} INFO - Setting next_dagrun for daily_fuel_data_ingestion to 2022-03-03 00:00:00+00:00
[2022-03-02 00:54:24,470] {processor.py:171} INFO - Processing /opt/airflow/dags/ingest_daily_fuel_data_dag.py took 0.992 seconds
[2022-03-02 00:54:54,604] {processor.py:163} INFO - Started process (PID=1291) to work on /opt/airflow/dags/ingest_daily_fuel_data_dag.py
[2022-03-02 00:54:54,606] {processor.py:642} INFO - Processing file /opt/airflow/dags/ingest_daily_fuel_data_dag.py for tasks to queue
[2022-03-02 00:54:54,607] {logging_mixin.py:109} INFO - [2022-03-02 00:54:54,607] {dagbag.py:500} INFO - Filling up the DagBag from /opt/airflow/dags/ingest_daily_fuel_data_dag.py
[2022-03-02 00:54:55,494] {processor.py:654} INFO - DAG(s) dict_keys(['daily_fuel_data_ingestion']) retrieved from /opt/airflow/dags/ingest_daily_fuel_data_dag.py
[2022-03-02 00:54:55,724] {logging_mixin.py:109} INFO - [2022-03-02 00:54:55,724] {dag.py:2398} INFO - Sync 1 DAGs
[2022-03-02 00:54:55,741] {logging_mixin.py:109} INFO - [2022-03-02 00:54:55,740] {dag.py:2937} INFO - Setting next_dagrun for daily_fuel_data_ingestion to 2022-03-03 00:00:00+00:00
[2022-03-02 00:54:55,751] {processor.py:171} INFO - Processing /opt/airflow/dags/ingest_daily_fuel_data_dag.py took 1.151 seconds
[2022-03-02 00:55:25,855] {processor.py:163} INFO - Started process (PID=1320) to work on /opt/airflow/dags/ingest_daily_fuel_data_dag.py
[2022-03-02 00:55:25,858] {processor.py:642} INFO - Processing file /opt/airflow/dags/ingest_daily_fuel_data_dag.py for tasks to queue
[2022-03-02 00:55:25,860] {logging_mixin.py:109} INFO - [2022-03-02 00:55:25,860] {dagbag.py:500} INFO - Filling up the DagBag from /opt/airflow/dags/ingest_daily_fuel_data_dag.py
[2022-03-02 00:55:26,679] {processor.py:654} INFO - DAG(s) dict_keys(['daily_fuel_data_ingestion']) retrieved from /opt/airflow/dags/ingest_daily_fuel_data_dag.py
[2022-03-02 00:55:26,871] {logging_mixin.py:109} INFO - [2022-03-02 00:55:26,871] {dag.py:2398} INFO - Sync 1 DAGs
[2022-03-02 00:55:26,887] {logging_mixin.py:109} INFO - [2022-03-02 00:55:26,886] {dag.py:2937} INFO - Setting next_dagrun for daily_fuel_data_ingestion to 2022-03-03 00:00:00+00:00
[2022-03-02 00:55:26,897] {processor.py:171} INFO - Processing /opt/airflow/dags/ingest_daily_fuel_data_dag.py took 1.061 seconds
[2022-03-02 00:55:56,952] {processor.py:163} INFO - Started process (PID=1357) to work on /opt/airflow/dags/ingest_daily_fuel_data_dag.py
[2022-03-02 00:55:56,954] {processor.py:642} INFO - Processing file /opt/airflow/dags/ingest_daily_fuel_data_dag.py for tasks to queue
[2022-03-02 00:55:56,955] {logging_mixin.py:109} INFO - [2022-03-02 00:55:56,955] {dagbag.py:500} INFO - Filling up the DagBag from /opt/airflow/dags/ingest_daily_fuel_data_dag.py
[2022-03-02 00:55:57,893] {processor.py:654} INFO - DAG(s) dict_keys(['daily_fuel_data_ingestion']) retrieved from /opt/airflow/dags/ingest_daily_fuel_data_dag.py
[2022-03-02 00:55:58,096] {logging_mixin.py:109} INFO - [2022-03-02 00:55:58,095] {dag.py:2398} INFO - Sync 1 DAGs
[2022-03-02 00:55:58,112] {logging_mixin.py:109} INFO - [2022-03-02 00:55:58,112] {dag.py:2937} INFO - Setting next_dagrun for daily_fuel_data_ingestion to 2022-03-03 00:00:00+00:00
[2022-03-02 00:55:58,122] {processor.py:171} INFO - Processing /opt/airflow/dags/ingest_daily_fuel_data_dag.py took 1.175 seconds
[2022-03-02 00:56:28,210] {processor.py:163} INFO - Started process (PID=1391) to work on /opt/airflow/dags/ingest_daily_fuel_data_dag.py
[2022-03-02 00:56:28,219] {processor.py:642} INFO - Processing file /opt/airflow/dags/ingest_daily_fuel_data_dag.py for tasks to queue
[2022-03-02 00:56:28,220] {logging_mixin.py:109} INFO - [2022-03-02 00:56:28,220] {dagbag.py:500} INFO - Filling up the DagBag from /opt/airflow/dags/ingest_daily_fuel_data_dag.py
[2022-03-02 00:56:29,026] {processor.py:654} INFO - DAG(s) dict_keys(['daily_fuel_data_ingestion']) retrieved from /opt/airflow/dags/ingest_daily_fuel_data_dag.py
[2022-03-02 00:56:29,226] {logging_mixin.py:109} INFO - [2022-03-02 00:56:29,226] {dag.py:2398} INFO - Sync 1 DAGs
[2022-03-02 00:56:29,242] {logging_mixin.py:109} INFO - [2022-03-02 00:56:29,242] {dag.py:2937} INFO - Setting next_dagrun for daily_fuel_data_ingestion to 2022-03-03 00:00:00+00:00
[2022-03-02 00:56:29,253] {processor.py:171} INFO - Processing /opt/airflow/dags/ingest_daily_fuel_data_dag.py took 1.049 seconds
[2022-03-02 00:56:59,324] {processor.py:163} INFO - Started process (PID=1425) to work on /opt/airflow/dags/ingest_daily_fuel_data_dag.py
[2022-03-02 00:56:59,326] {processor.py:642} INFO - Processing file /opt/airflow/dags/ingest_daily_fuel_data_dag.py for tasks to queue
[2022-03-02 00:56:59,327] {logging_mixin.py:109} INFO - [2022-03-02 00:56:59,327] {dagbag.py:500} INFO - Filling up the DagBag from /opt/airflow/dags/ingest_daily_fuel_data_dag.py
[2022-03-02 00:57:00,226] {processor.py:654} INFO - DAG(s) dict_keys(['daily_fuel_data_ingestion']) retrieved from /opt/airflow/dags/ingest_daily_fuel_data_dag.py
[2022-03-02 00:57:00,499] {logging_mixin.py:109} INFO - [2022-03-02 00:57:00,499] {dag.py:2398} INFO - Sync 1 DAGs
[2022-03-02 00:57:00,517] {logging_mixin.py:109} INFO - [2022-03-02 00:57:00,517] {dag.py:2937} INFO - Setting next_dagrun for daily_fuel_data_ingestion to 2022-03-03 00:00:00+00:00
[2022-03-02 00:57:00,527] {processor.py:171} INFO - Processing /opt/airflow/dags/ingest_daily_fuel_data_dag.py took 1.209 seconds
[2022-03-02 00:57:30,629] {processor.py:163} INFO - Started process (PID=1454) to work on /opt/airflow/dags/ingest_daily_fuel_data_dag.py
[2022-03-02 00:57:30,630] {processor.py:642} INFO - Processing file /opt/airflow/dags/ingest_daily_fuel_data_dag.py for tasks to queue
[2022-03-02 00:57:30,630] {logging_mixin.py:109} INFO - [2022-03-02 00:57:30,630] {dagbag.py:500} INFO - Filling up the DagBag from /opt/airflow/dags/ingest_daily_fuel_data_dag.py
[2022-03-02 00:57:31,725] {processor.py:654} INFO - DAG(s) dict_keys(['daily_fuel_data_ingestion']) retrieved from /opt/airflow/dags/ingest_daily_fuel_data_dag.py
[2022-03-02 00:57:31,919] {logging_mixin.py:109} INFO - [2022-03-02 00:57:31,919] {dag.py:2398} INFO - Sync 1 DAGs
[2022-03-02 00:57:31,936] {logging_mixin.py:109} INFO - [2022-03-02 00:57:31,936] {dag.py:2937} INFO - Setting next_dagrun for daily_fuel_data_ingestion to 2022-03-03 00:00:00+00:00
[2022-03-02 00:57:31,947] {processor.py:171} INFO - Processing /opt/airflow/dags/ingest_daily_fuel_data_dag.py took 1.323 seconds
[2022-03-02 00:58:02,032] {processor.py:163} INFO - Started process (PID=1499) to work on /opt/airflow/dags/ingest_daily_fuel_data_dag.py
[2022-03-02 00:58:02,035] {processor.py:642} INFO - Processing file /opt/airflow/dags/ingest_daily_fuel_data_dag.py for tasks to queue
[2022-03-02 00:58:02,036] {logging_mixin.py:109} INFO - [2022-03-02 00:58:02,036] {dagbag.py:500} INFO - Filling up the DagBag from /opt/airflow/dags/ingest_daily_fuel_data_dag.py
[2022-03-02 00:58:02,893] {processor.py:654} INFO - DAG(s) dict_keys(['daily_fuel_data_ingestion']) retrieved from /opt/airflow/dags/ingest_daily_fuel_data_dag.py
[2022-03-02 00:58:03,109] {logging_mixin.py:109} INFO - [2022-03-02 00:58:03,108] {dag.py:2398} INFO - Sync 1 DAGs
[2022-03-02 00:58:03,124] {logging_mixin.py:109} INFO - [2022-03-02 00:58:03,124] {dag.py:2937} INFO - Setting next_dagrun for daily_fuel_data_ingestion to 2022-03-03 00:00:00+00:00
[2022-03-02 00:58:03,136] {processor.py:171} INFO - Processing /opt/airflow/dags/ingest_daily_fuel_data_dag.py took 1.109 seconds
[2022-03-02 00:58:33,217] {processor.py:163} INFO - Started process (PID=1529) to work on /opt/airflow/dags/ingest_daily_fuel_data_dag.py
[2022-03-02 00:58:33,219] {processor.py:642} INFO - Processing file /opt/airflow/dags/ingest_daily_fuel_data_dag.py for tasks to queue
[2022-03-02 00:58:33,220] {logging_mixin.py:109} INFO - [2022-03-02 00:58:33,220] {dagbag.py:500} INFO - Filling up the DagBag from /opt/airflow/dags/ingest_daily_fuel_data_dag.py
[2022-03-02 00:58:34,070] {processor.py:654} INFO - DAG(s) dict_keys(['daily_fuel_data_ingestion']) retrieved from /opt/airflow/dags/ingest_daily_fuel_data_dag.py
[2022-03-02 00:58:34,268] {logging_mixin.py:109} INFO - [2022-03-02 00:58:34,268] {dag.py:2398} INFO - Sync 1 DAGs
[2022-03-02 00:58:34,283] {logging_mixin.py:109} INFO - [2022-03-02 00:58:34,282] {dag.py:2937} INFO - Setting next_dagrun for daily_fuel_data_ingestion to 2022-03-03 00:00:00+00:00
[2022-03-02 00:58:34,293] {processor.py:171} INFO - Processing /opt/airflow/dags/ingest_daily_fuel_data_dag.py took 1.080 seconds
[2022-03-02 00:59:04,342] {processor.py:163} INFO - Started process (PID=1564) to work on /opt/airflow/dags/ingest_daily_fuel_data_dag.py
[2022-03-02 00:59:04,345] {processor.py:642} INFO - Processing file /opt/airflow/dags/ingest_daily_fuel_data_dag.py for tasks to queue
[2022-03-02 00:59:04,345] {logging_mixin.py:109} INFO - [2022-03-02 00:59:04,345] {dagbag.py:500} INFO - Filling up the DagBag from /opt/airflow/dags/ingest_daily_fuel_data_dag.py
[2022-03-02 00:59:05,444] {processor.py:654} INFO - DAG(s) dict_keys(['daily_fuel_data_ingestion']) retrieved from /opt/airflow/dags/ingest_daily_fuel_data_dag.py
[2022-03-02 00:59:05,646] {logging_mixin.py:109} INFO - [2022-03-02 00:59:05,645] {dag.py:2398} INFO - Sync 1 DAGs
[2022-03-02 00:59:05,661] {logging_mixin.py:109} INFO - [2022-03-02 00:59:05,661] {dag.py:2937} INFO - Setting next_dagrun for daily_fuel_data_ingestion to 2022-03-03 00:00:00+00:00
[2022-03-02 00:59:05,671] {processor.py:171} INFO - Processing /opt/airflow/dags/ingest_daily_fuel_data_dag.py took 1.335 seconds
[2022-03-02 00:59:35,749] {processor.py:163} INFO - Started process (PID=1597) to work on /opt/airflow/dags/ingest_daily_fuel_data_dag.py
[2022-03-02 00:59:35,752] {processor.py:642} INFO - Processing file /opt/airflow/dags/ingest_daily_fuel_data_dag.py for tasks to queue
[2022-03-02 00:59:35,753] {logging_mixin.py:109} INFO - [2022-03-02 00:59:35,753] {dagbag.py:500} INFO - Filling up the DagBag from /opt/airflow/dags/ingest_daily_fuel_data_dag.py
[2022-03-02 00:59:36,593] {processor.py:654} INFO - DAG(s) dict_keys(['daily_fuel_data_ingestion']) retrieved from /opt/airflow/dags/ingest_daily_fuel_data_dag.py
[2022-03-02 00:59:36,794] {logging_mixin.py:109} INFO - [2022-03-02 00:59:36,793] {dag.py:2398} INFO - Sync 1 DAGs
[2022-03-02 00:59:36,809] {logging_mixin.py:109} INFO - [2022-03-02 00:59:36,809] {dag.py:2937} INFO - Setting next_dagrun for daily_fuel_data_ingestion to 2022-03-03 00:00:00+00:00
[2022-03-02 00:59:36,819] {processor.py:171} INFO - Processing /opt/airflow/dags/ingest_daily_fuel_data_dag.py took 1.075 seconds
