[2022-02-24 22:55:24,228] {taskinstance.py:1037} INFO - Dependencies all met for <TaskInstance: daily_fuel_data_ingestion.format_to_parquet_task manual__2022-02-24T22:55:20.271881+00:00 [queued]>
[2022-02-24 22:55:24,238] {taskinstance.py:1037} INFO - Dependencies all met for <TaskInstance: daily_fuel_data_ingestion.format_to_parquet_task manual__2022-02-24T22:55:20.271881+00:00 [queued]>
[2022-02-24 22:55:24,238] {taskinstance.py:1243} INFO - 
--------------------------------------------------------------------------------
[2022-02-24 22:55:24,238] {taskinstance.py:1244} INFO - Starting attempt 1 of 2
[2022-02-24 22:55:24,238] {taskinstance.py:1245} INFO - 
--------------------------------------------------------------------------------
[2022-02-24 22:55:24,249] {taskinstance.py:1264} INFO - Executing <Task(PythonOperator): format_to_parquet_task> on 2022-02-24 22:55:20.271881+00:00
[2022-02-24 22:55:24,257] {standard_task_runner.py:52} INFO - Started process 169 to run task
[2022-02-24 22:55:24,263] {standard_task_runner.py:76} INFO - Running: ['***', 'tasks', 'run', 'daily_fuel_data_ingestion', 'format_to_parquet_task', 'manual__2022-02-24T22:55:20.271881+00:00', '--job-id', '6', '--raw', '--subdir', 'DAGS_FOLDER/ingest_daily_fuel_data_dag.py', '--cfg-path', '/tmp/tmp4gidou48', '--error-file', '/tmp/tmp9g2ooab7']
[2022-02-24 22:55:24,264] {standard_task_runner.py:77} INFO - Job 6: Subtask format_to_parquet_task
[2022-02-24 22:55:24,329] {logging_mixin.py:109} INFO - Running <TaskInstance: daily_fuel_data_ingestion.format_to_parquet_task manual__2022-02-24T22:55:20.271881+00:00 [running]> on host 036a2a858d52
[2022-02-24 22:55:24,394] {taskinstance.py:1431} INFO - Exporting the following env vars:
AIRFLOW_CTX_DAG_OWNER=***
AIRFLOW_CTX_DAG_ID=daily_fuel_data_ingestion
AIRFLOW_CTX_TASK_ID=format_to_parquet_task
AIRFLOW_CTX_EXECUTION_DATE=2022-02-24T22:55:20.271881+00:00
AIRFLOW_CTX_DAG_RUN_ID=manual__2022-02-24T22:55:20.271881+00:00
[2022-02-24 22:55:24,524] {python.py:175} INFO - Done. Returned value was: None
[2022-02-24 22:55:24,541] {taskinstance.py:1282} INFO - Marking task as SUCCESS. dag_id=daily_fuel_data_ingestion, task_id=format_to_parquet_task, execution_date=20220224T225520, start_date=20220224T225524, end_date=20220224T225524
[2022-02-24 22:55:24,597] {local_task_job.py:154} INFO - Task exited with return code 0
[2022-02-24 22:55:24,663] {local_task_job.py:264} INFO - 0 downstream tasks scheduled from follow-on schedule check
