[2022-02-24 23:30:23,581] {taskinstance.py:1037} INFO - Dependencies all met for <TaskInstance: daily_fuel_data_ingestion.format_to_parquet_task manual__2022-02-24T22:55:20.271881+00:00 [queued]>
[2022-02-24 23:30:23,592] {taskinstance.py:1037} INFO - Dependencies all met for <TaskInstance: daily_fuel_data_ingestion.format_to_parquet_task manual__2022-02-24T22:55:20.271881+00:00 [queued]>
[2022-02-24 23:30:23,592] {taskinstance.py:1243} INFO - 
--------------------------------------------------------------------------------
[2022-02-24 23:30:23,592] {taskinstance.py:1244} INFO - Starting attempt 3 of 4
[2022-02-24 23:30:23,592] {taskinstance.py:1245} INFO - 
--------------------------------------------------------------------------------
[2022-02-24 23:30:23,604] {taskinstance.py:1264} INFO - Executing <Task(PythonOperator): format_to_parquet_task> on 2022-02-24 22:55:20.271881+00:00
[2022-02-24 23:30:23,612] {standard_task_runner.py:52} INFO - Started process 1783 to run task
[2022-02-24 23:30:23,618] {standard_task_runner.py:76} INFO - Running: ['***', 'tasks', 'run', 'daily_fuel_data_ingestion', 'format_to_parquet_task', 'manual__2022-02-24T22:55:20.271881+00:00', '--job-id', '18', '--raw', '--subdir', 'DAGS_FOLDER/ingest_daily_fuel_data_dag.py', '--cfg-path', '/tmp/tmpnhmx319f', '--error-file', '/tmp/tmpylsjqghf']
[2022-02-24 23:30:23,619] {standard_task_runner.py:77} INFO - Job 18: Subtask format_to_parquet_task
[2022-02-24 23:30:23,681] {logging_mixin.py:109} INFO - Running <TaskInstance: daily_fuel_data_ingestion.format_to_parquet_task manual__2022-02-24T22:55:20.271881+00:00 [running]> on host 036a2a858d52
[2022-02-24 23:30:23,738] {taskinstance.py:1431} INFO - Exporting the following env vars:
AIRFLOW_CTX_DAG_OWNER=***
AIRFLOW_CTX_DAG_ID=daily_fuel_data_ingestion
AIRFLOW_CTX_TASK_ID=format_to_parquet_task
AIRFLOW_CTX_EXECUTION_DATE=2022-02-24T22:55:20.271881+00:00
AIRFLOW_CTX_DAG_RUN_ID=manual__2022-02-24T22:55:20.271881+00:00
[2022-02-24 23:30:23,892] {logging_mixin.py:109} INFO - Parquet saved to /opt/***/daily_fuel_data_{ execution_date.strftime('%d-%b-%Y') }.parquet
[2022-02-24 23:30:23,892] {python.py:175} INFO - Done. Returned value was: None
[2022-02-24 23:30:23,906] {taskinstance.py:1282} INFO - Marking task as SUCCESS. dag_id=daily_fuel_data_ingestion, task_id=format_to_parquet_task, execution_date=20220224T225520, start_date=20220224T233023, end_date=20220224T233023
[2022-02-24 23:30:23,950] {local_task_job.py:154} INFO - Task exited with return code 0
[2022-02-24 23:30:23,995] {local_task_job.py:264} INFO - 1 downstream tasks scheduled from follow-on schedule check
