[2022-02-25 02:52:54,971] {taskinstance.py:1037} INFO - Dependencies all met for <TaskInstance: daily_fuel_data_ingestion.format_to_parquet_task manual__2022-02-24T22:55:20.271881+00:00 [queued]>
[2022-02-25 02:52:54,984] {taskinstance.py:1037} INFO - Dependencies all met for <TaskInstance: daily_fuel_data_ingestion.format_to_parquet_task manual__2022-02-24T22:55:20.271881+00:00 [queued]>
[2022-02-25 02:52:54,984] {taskinstance.py:1243} INFO - 
--------------------------------------------------------------------------------
[2022-02-25 02:52:54,985] {taskinstance.py:1244} INFO - Starting attempt 9 of 10
[2022-02-25 02:52:54,985] {taskinstance.py:1245} INFO - 
--------------------------------------------------------------------------------
[2022-02-25 02:52:55,000] {taskinstance.py:1264} INFO - Executing <Task(PythonOperator): format_to_parquet_task> on 2022-02-24 22:55:20.271881+00:00
[2022-02-25 02:52:55,009] {standard_task_runner.py:52} INFO - Started process 699 to run task
[2022-02-25 02:52:55,014] {standard_task_runner.py:76} INFO - Running: ['***', 'tasks', 'run', 'daily_fuel_data_ingestion', 'format_to_parquet_task', 'manual__2022-02-24T22:55:20.271881+00:00', '--job-id', '41', '--raw', '--subdir', 'DAGS_FOLDER/ingest_daily_fuel_data_dag.py', '--cfg-path', '/tmp/tmpsefnhihe', '--error-file', '/tmp/tmp6cb2pu5x']
[2022-02-25 02:52:55,016] {standard_task_runner.py:77} INFO - Job 41: Subtask format_to_parquet_task
[2022-02-25 02:52:55,078] {logging_mixin.py:109} INFO - Running <TaskInstance: daily_fuel_data_ingestion.format_to_parquet_task manual__2022-02-24T22:55:20.271881+00:00 [running]> on host f9458bb89560
[2022-02-25 02:52:55,117] {warnings.py:110} WARNING - /home/***/.local/lib/python3.7/site-packages/***/utils/context.py:156: AirflowContextDeprecationWarning: Accessing 'execution_date' from the template is deprecated and will be removed in a future version. Please use 'data_interval_start' or 'logical_date' instead.
  warnings.warn(_create_deprecation_warning(key, self._deprecation_replacements[key]))

[2022-02-25 02:52:55,137] {taskinstance.py:1431} INFO - Exporting the following env vars:
AIRFLOW_CTX_DAG_OWNER=***
AIRFLOW_CTX_DAG_ID=daily_fuel_data_ingestion
AIRFLOW_CTX_TASK_ID=format_to_parquet_task
AIRFLOW_CTX_EXECUTION_DATE=2022-02-24T22:55:20.271881+00:00
AIRFLOW_CTX_DAG_RUN_ID=manual__2022-02-24T22:55:20.271881+00:00
[2022-02-25 02:52:55,139] {logging_mixin.py:109} INFO - /opt/***/daily_fuel_data_24-Feb-2022.csv
[2022-02-25 02:52:55,269] {logging_mixin.py:109} INFO - Parquet saved to /opt/***/daily_fuel_data_{{ execution_date.strftime('%d-%b-%Y') }}.parquet
[2022-02-25 02:52:55,270] {python.py:175} INFO - Done. Returned value was: None
[2022-02-25 02:52:55,283] {taskinstance.py:1282} INFO - Marking task as SUCCESS. dag_id=daily_fuel_data_ingestion, task_id=format_to_parquet_task, execution_date=20220224T225520, start_date=20220225T025254, end_date=20220225T025255
[2022-02-25 02:52:55,306] {local_task_job.py:154} INFO - Task exited with return code 0
[2022-02-25 02:52:55,358] {local_task_job.py:264} INFO - 1 downstream tasks scheduled from follow-on schedule check
