[2022-02-25 04:29:02,745] {taskinstance.py:1037} INFO - Dependencies all met for <TaskInstance: historical_fuel_data_ingestion.download_dataset_task manual__2022-02-25T03:05:17.621122+00:00 [queued]>
[2022-02-25 04:29:02,755] {taskinstance.py:1037} INFO - Dependencies all met for <TaskInstance: historical_fuel_data_ingestion.download_dataset_task manual__2022-02-25T03:05:17.621122+00:00 [queued]>
[2022-02-25 04:29:02,756] {taskinstance.py:1243} INFO - 
--------------------------------------------------------------------------------
[2022-02-25 04:29:02,756] {taskinstance.py:1244} INFO - Starting attempt 2 of 3
[2022-02-25 04:29:02,756] {taskinstance.py:1245} INFO - 
--------------------------------------------------------------------------------
[2022-02-25 04:29:02,768] {taskinstance.py:1264} INFO - Executing <Task(BashOperator): download_dataset_task> on 2022-02-25 03:05:17.621122+00:00
[2022-02-25 04:29:02,774] {standard_task_runner.py:52} INFO - Started process 1340 to run task
[2022-02-25 04:29:02,781] {standard_task_runner.py:76} INFO - Running: ['***', 'tasks', 'run', 'historical_fuel_data_ingestion', 'download_dataset_task', 'manual__2022-02-25T03:05:17.621122+00:00', '--job-id', '58', '--raw', '--subdir', 'DAGS_FOLDER/ingest_historical_fuel_data_dag.py', '--cfg-path', '/tmp/tmplks9dfvu', '--error-file', '/tmp/tmpkpihfnoz']
[2022-02-25 04:29:02,782] {standard_task_runner.py:77} INFO - Job 58: Subtask download_dataset_task
[2022-02-25 04:29:02,853] {logging_mixin.py:109} INFO - Running <TaskInstance: historical_fuel_data_ingestion.download_dataset_task manual__2022-02-25T03:05:17.621122+00:00 [running]> on host fecc23e6cd51
[2022-02-25 04:29:02,891] {warnings.py:110} WARNING - /home/***/.local/lib/python3.7/site-packages/***/utils/context.py:156: AirflowContextDeprecationWarning: Accessing 'execution_date' from the template is deprecated and will be removed in a future version. Please use 'data_interval_start' or 'logical_date' instead.
  warnings.warn(_create_deprecation_warning(key, self._deprecation_replacements[key]))

[2022-02-25 04:29:02,911] {taskinstance.py:1431} INFO - Exporting the following env vars:
AIRFLOW_CTX_DAG_OWNER=***
AIRFLOW_CTX_DAG_ID=historical_fuel_data_ingestion
AIRFLOW_CTX_TASK_ID=download_dataset_task
AIRFLOW_CTX_EXECUTION_DATE=2022-02-25T03:05:17.621122+00:00
AIRFLOW_CTX_DAG_RUN_ID=manual__2022-02-25T03:05:17.621122+00:00
[2022-02-25 04:29:02,913] {subprocess.py:62} INFO - Tmp dir root location: 
 /tmp
[2022-02-25 04:29:02,913] {subprocess.py:74} INFO - Running command: ['bash', '-c', 'curl -sSL https://www.aip.com.au/sites/default/files/download-files/2022-02/AIP_TGP_Data_25-Feb-2022.xlsx > /opt/***/historical_fuel_data_25-Feb-2022.xlsx']
[2022-02-25 04:29:02,930] {subprocess.py:85} INFO - Output:
[2022-02-25 04:29:02,992] {subprocess.py:93} INFO - Command exited with return code 0
[2022-02-25 04:29:03,034] {taskinstance.py:1282} INFO - Marking task as SUCCESS. dag_id=historical_fuel_data_ingestion, task_id=download_dataset_task, execution_date=20220225T030517, start_date=20220225T042902, end_date=20220225T042903
[2022-02-25 04:29:03,075] {local_task_job.py:154} INFO - Task exited with return code 0
[2022-02-25 04:29:03,161] {local_task_job.py:264} INFO - 1 downstream tasks scheduled from follow-on schedule check
