[2022-02-25 02:52:53,241] {taskinstance.py:1037} INFO - Dependencies all met for <TaskInstance: daily_fuel_data_ingestion.create_fuel_dataset manual__2022-02-24T22:55:20.271881+00:00 [queued]>
[2022-02-25 02:52:53,251] {taskinstance.py:1037} INFO - Dependencies all met for <TaskInstance: daily_fuel_data_ingestion.create_fuel_dataset manual__2022-02-24T22:55:20.271881+00:00 [queued]>
[2022-02-25 02:52:53,252] {taskinstance.py:1243} INFO - 
--------------------------------------------------------------------------------
[2022-02-25 02:52:53,252] {taskinstance.py:1244} INFO - Starting attempt 8 of 9
[2022-02-25 02:52:53,252] {taskinstance.py:1245} INFO - 
--------------------------------------------------------------------------------
[2022-02-25 02:52:53,264] {taskinstance.py:1264} INFO - Executing <Task(PythonOperator): create_fuel_dataset> on 2022-02-24 22:55:20.271881+00:00
[2022-02-25 02:52:53,271] {standard_task_runner.py:52} INFO - Started process 696 to run task
[2022-02-25 02:52:53,276] {standard_task_runner.py:76} INFO - Running: ['***', 'tasks', 'run', 'daily_fuel_data_ingestion', 'create_fuel_dataset', 'manual__2022-02-24T22:55:20.271881+00:00', '--job-id', '40', '--raw', '--subdir', 'DAGS_FOLDER/ingest_daily_fuel_data_dag.py', '--cfg-path', '/tmp/tmpdyj2xpwt', '--error-file', '/tmp/tmphvwjf_i7']
[2022-02-25 02:52:53,277] {standard_task_runner.py:77} INFO - Job 40: Subtask create_fuel_dataset
[2022-02-25 02:52:53,342] {logging_mixin.py:109} INFO - Running <TaskInstance: daily_fuel_data_ingestion.create_fuel_dataset manual__2022-02-24T22:55:20.271881+00:00 [running]> on host f9458bb89560
[2022-02-25 02:52:53,379] {warnings.py:110} WARNING - /home/***/.local/lib/python3.7/site-packages/***/utils/context.py:156: AirflowContextDeprecationWarning: Accessing 'execution_date' from the template is deprecated and will be removed in a future version. Please use 'data_interval_start' or 'logical_date' instead.
  warnings.warn(_create_deprecation_warning(key, self._deprecation_replacements[key]))

[2022-02-25 02:52:53,400] {taskinstance.py:1431} INFO - Exporting the following env vars:
AIRFLOW_CTX_DAG_OWNER=***
AIRFLOW_CTX_DAG_ID=daily_fuel_data_ingestion
AIRFLOW_CTX_TASK_ID=create_fuel_dataset
AIRFLOW_CTX_EXECUTION_DATE=2022-02-24T22:55:20.271881+00:00
AIRFLOW_CTX_DAG_RUN_ID=manual__2022-02-24T22:55:20.271881+00:00
[2022-02-25 02:52:53,689] {warnings.py:110} WARNING - /opt/***/dags/ingest_daily_fuel_data_dag.py:76: FutureWarning: Dropping of nuisance columns in DataFrame reductions (with 'numeric_only=None') is deprecated; in a future version this will raise TypeError.  Select only valid columns before calling the reduction.
  final_df["national_average"] = final_df.mean(axis=1).round(1)

[2022-02-25 02:52:53,697] {logging_mixin.py:109} INFO - CSV saved to /opt/***/daily_fuel_data_24-Feb-2022.csv
[2022-02-25 02:52:53,698] {python.py:175} INFO - Done. Returned value was: None
[2022-02-25 02:52:53,711] {taskinstance.py:1282} INFO - Marking task as SUCCESS. dag_id=daily_fuel_data_ingestion, task_id=create_fuel_dataset, execution_date=20220224T225520, start_date=20220225T025253, end_date=20220225T025253
[2022-02-25 02:52:53,769] {local_task_job.py:154} INFO - Task exited with return code 0
[2022-02-25 02:52:53,816] {local_task_job.py:264} INFO - 1 downstream tasks scheduled from follow-on schedule check
