[2022-02-25 02:56:43,629] {taskinstance.py:1037} INFO - Dependencies all met for <TaskInstance: daily_fuel_data_ingestion.create_fuel_dataset manual__2022-02-24T22:55:20.271881+00:00 [queued]>
[2022-02-25 02:56:43,642] {taskinstance.py:1037} INFO - Dependencies all met for <TaskInstance: daily_fuel_data_ingestion.create_fuel_dataset manual__2022-02-24T22:55:20.271881+00:00 [queued]>
[2022-02-25 02:56:43,642] {taskinstance.py:1243} INFO - 
--------------------------------------------------------------------------------
[2022-02-25 02:56:43,642] {taskinstance.py:1244} INFO - Starting attempt 9 of 10
[2022-02-25 02:56:43,643] {taskinstance.py:1245} INFO - 
--------------------------------------------------------------------------------
[2022-02-25 02:56:43,654] {taskinstance.py:1264} INFO - Executing <Task(PythonOperator): create_fuel_dataset> on 2022-02-24 22:55:20.271881+00:00
[2022-02-25 02:56:43,661] {standard_task_runner.py:52} INFO - Started process 890 to run task
[2022-02-25 02:56:43,667] {standard_task_runner.py:76} INFO - Running: ['***', 'tasks', 'run', 'daily_fuel_data_ingestion', 'create_fuel_dataset', 'manual__2022-02-24T22:55:20.271881+00:00', '--job-id', '44', '--raw', '--subdir', 'DAGS_FOLDER/ingest_daily_fuel_data_dag.py', '--cfg-path', '/tmp/tmp761s_5jz', '--error-file', '/tmp/tmpbvnu2gny']
[2022-02-25 02:56:43,668] {standard_task_runner.py:77} INFO - Job 44: Subtask create_fuel_dataset
[2022-02-25 02:56:43,745] {logging_mixin.py:109} INFO - Running <TaskInstance: daily_fuel_data_ingestion.create_fuel_dataset manual__2022-02-24T22:55:20.271881+00:00 [running]> on host f9458bb89560
[2022-02-25 02:56:43,789] {warnings.py:110} WARNING - /home/***/.local/lib/python3.7/site-packages/***/utils/context.py:156: AirflowContextDeprecationWarning: Accessing 'execution_date' from the template is deprecated and will be removed in a future version. Please use 'data_interval_start' or 'logical_date' instead.
  warnings.warn(_create_deprecation_warning(key, self._deprecation_replacements[key]))

[2022-02-25 02:56:43,812] {taskinstance.py:1431} INFO - Exporting the following env vars:
AIRFLOW_CTX_DAG_OWNER=***
AIRFLOW_CTX_DAG_ID=daily_fuel_data_ingestion
AIRFLOW_CTX_TASK_ID=create_fuel_dataset
AIRFLOW_CTX_EXECUTION_DATE=2022-02-24T22:55:20.271881+00:00
AIRFLOW_CTX_DAG_RUN_ID=manual__2022-02-24T22:55:20.271881+00:00
[2022-02-25 02:56:44,081] {warnings.py:110} WARNING - /opt/***/dags/ingest_daily_fuel_data_dag.py:76: FutureWarning: Dropping of nuisance columns in DataFrame reductions (with 'numeric_only=None') is deprecated; in a future version this will raise TypeError.  Select only valid columns before calling the reduction.
  final_df["national_average"] = final_df.mean(axis=1).round(1)

[2022-02-25 02:56:44,087] {logging_mixin.py:109} INFO - CSV saved to /opt/***/daily_fuel_data_24-Feb-2022.csv
[2022-02-25 02:56:44,087] {python.py:175} INFO - Done. Returned value was: None
[2022-02-25 02:56:44,102] {taskinstance.py:1282} INFO - Marking task as SUCCESS. dag_id=daily_fuel_data_ingestion, task_id=create_fuel_dataset, execution_date=20220224T225520, start_date=20220225T025643, end_date=20220225T025644
[2022-02-25 02:56:44,161] {local_task_job.py:154} INFO - Task exited with return code 0
[2022-02-25 02:56:44,212] {local_task_job.py:264} INFO - 1 downstream tasks scheduled from follow-on schedule check
